2020-06-11 22:30:05.547 [http-nio-8888-exec-3] INFO  org.apache.tomcat.util.http.parser.Cookie - A cookie header was received [1576108459; JSESSIONID=3D06E5D53A44887C7E4CB4F94B9DB8CB] that contained an invalid cookie. That cookie will be ignored.
 Note: further occurrences of this error will be logged at DEBUG level.
2020-06-11 22:34:28.583 [restartedMain] INFO  com.daily.DailyApplication - Starting DailyApplication on LAPTOP-TP87U8O0 with PID 6020 (C:\Users\penny\Desktop\daily\back\daily\target\classes started by penny in C:\Users\penny\Desktop\daily\back\daily)
2020-06-11 22:34:28.587 [restartedMain] INFO  com.daily.DailyApplication - The following profiles are active: dev
2020-06-11 22:34:30.610 [restartedMain] INFO  c.u.j.c.EnableEncryptablePropertiesBeanFactoryPostProcessor - Post-processing PropertySource instances
2020-06-11 22:34:30.677 [restartedMain] INFO  c.u.j.EncryptablePropertySourceConverter - Converting PropertySource configurationProperties [org.springframework.boot.context.properties.source.ConfigurationPropertySourcesPropertySource] to AOP Proxy
2020-06-11 22:34:30.679 [restartedMain] INFO  c.u.j.EncryptablePropertySourceConverter - Converting PropertySource servletConfigInitParams [org.springframework.core.env.PropertySource$StubPropertySource] to EncryptablePropertySourceWrapper
2020-06-11 22:34:30.680 [restartedMain] INFO  c.u.j.EncryptablePropertySourceConverter - Converting PropertySource servletContextInitParams [org.springframework.core.env.PropertySource$StubPropertySource] to EncryptablePropertySourceWrapper
2020-06-11 22:34:30.681 [restartedMain] INFO  c.u.j.EncryptablePropertySourceConverter - Converting PropertySource systemProperties [org.springframework.core.env.PropertiesPropertySource] to EncryptableMapPropertySourceWrapper
2020-06-11 22:34:30.681 [restartedMain] INFO  c.u.j.EncryptablePropertySourceConverter - Converting PropertySource systemEnvironment [org.springframework.boot.env.SystemEnvironmentPropertySourceEnvironmentPostProcessor$OriginAwareSystemEnvironmentPropertySource] to EncryptableMapPropertySourceWrapper
2020-06-11 22:34:30.682 [restartedMain] INFO  c.u.j.EncryptablePropertySourceConverter - Converting PropertySource random [org.springframework.boot.env.RandomValuePropertySource] to EncryptablePropertySourceWrapper
2020-06-11 22:34:30.682 [restartedMain] INFO  c.u.j.EncryptablePropertySourceConverter - Converting PropertySource applicationConfig: [classpath:/application-dev.properties] [org.springframework.boot.env.OriginTrackedMapPropertySource] to EncryptableMapPropertySourceWrapper
2020-06-11 22:34:30.682 [restartedMain] INFO  c.u.j.EncryptablePropertySourceConverter - Converting PropertySource applicationConfig: [classpath:/application.properties] [org.springframework.boot.env.OriginTrackedMapPropertySource] to EncryptableMapPropertySourceWrapper
2020-06-11 22:34:30.682 [restartedMain] INFO  c.u.j.EncryptablePropertySourceConverter - Converting PropertySource devtools [org.springframework.core.env.MapPropertySource] to EncryptableMapPropertySourceWrapper
2020-06-11 22:34:30.980 [restartedMain] INFO  c.u.j.resolver.DefaultLazyPropertyResolver - Property Resolver custom Bean not found with name 'encryptablePropertyResolver'. Initializing Default Property Resolver
2020-06-11 22:34:30.981 [restartedMain] INFO  c.u.j.detector.DefaultLazyPropertyDetector - Property Detector custom Bean not found with name 'encryptablePropertyDetector'. Initializing Default Property Detector
2020-06-11 22:34:31.527 [restartedMain] INFO  org.apache.coyote.http11.Http11NioProtocol - Initializing ProtocolHandler ["http-nio-8888"]
2020-06-11 22:34:31.537 [restartedMain] INFO  org.apache.catalina.core.StandardService - Starting service [Tomcat]
2020-06-11 22:34:31.538 [restartedMain] INFO  org.apache.catalina.core.StandardEngine - Starting Servlet engine: [Apache Tomcat/9.0.22]
2020-06-11 22:34:31.704 [restartedMain] INFO  o.a.c.core.ContainerBase.[Tomcat].[localhost].[/] - Initializing Spring embedded WebApplicationContext
2020-06-11 22:34:32.357 [restartedMain] INFO  c.u.j.encryptor.DefaultLazyEncryptor - Found Custom Encryptor Bean org.jasypt.encryption.pbe.PooledPBEStringEncryptor@2f4422be with name: jasyptStringEncryptor
2020-06-11 22:34:33.335 [restartedMain] INFO  com.zaxxer.hikari.HikariDataSource - MyHikariCP - Starting...
2020-06-11 22:34:33.486 [restartedMain] INFO  com.zaxxer.hikari.HikariDataSource - MyHikariCP - Start completed.
2020-06-11 22:34:33.569 [restartedMain] INFO  org.hibernate.jpa.internal.util.LogHelper - HHH000204: Processing PersistenceUnitInfo [
	name: default
	...]
2020-06-11 22:34:33.671 [restartedMain] INFO  org.hibernate.Version - HHH000412: Hibernate Core {5.3.10.Final}
2020-06-11 22:34:33.673 [restartedMain] INFO  org.hibernate.cfg.Environment - HHH000206: hibernate.properties not found
2020-06-11 22:34:33.883 [restartedMain] INFO  org.hibernate.annotations.common.Version - HCANN000001: Hibernate Commons Annotations {5.0.4.Final}
2020-06-11 22:34:34.083 [restartedMain] INFO  org.hibernate.dialect.Dialect - HHH000400: Using dialect: org.hibernate.dialect.MySQL5InnoDBDialect
2020-06-11 22:34:36.999 [restartedMain] INFO  s.d.s.w.PropertySourcedRequestMappingHandlerMapping - Mapped URL path [/v2/api-docs] onto method [public org.springframework.http.ResponseEntity<springfox.documentation.spring.web.json.Json> springfox.documentation.swagger2.web.Swagger2Controller.getDocumentation(java.lang.String,javax.servlet.http.HttpServletRequest)]
2020-06-11 22:34:37.899 [restartedMain] INFO  s.d.s.web.plugins.DocumentationPluginsBootstrapper - Context refreshed
2020-06-11 22:34:37.923 [restartedMain] INFO  s.d.s.web.plugins.DocumentationPluginsBootstrapper - Found 1 custom documentation plugin(s)
2020-06-11 22:34:37.956 [restartedMain] INFO  s.d.spring.web.scanners.ApiListingReferenceScanner - Scanning for api listing references
2020-06-11 22:34:38.222 [restartedMain] INFO  org.apache.coyote.http11.Http11NioProtocol - Starting ProtocolHandler ["http-nio-8888"]
2020-06-11 22:34:38.252 [restartedMain] INFO  com.daily.DailyApplication - Started DailyApplication in 10.462 seconds (JVM running for 12.314)
2020-06-11 22:43:17.637 [http-nio-8888-exec-1] INFO  org.apache.tomcat.util.http.parser.Cookie - A cookie header was received [1576108459; JSESSIONID=53E40150D9C5A8A60EA1EB696D3994B5] that contained an invalid cookie. That cookie will be ignored.
 Note: further occurrences of this error will be logged at DEBUG level.
2020-06-11 22:43:17.648 [http-nio-8888-exec-1] INFO  o.a.c.core.ContainerBase.[Tomcat].[localhost].[/] - Initializing Spring DispatcherServlet 'dispatcherServlet'
2020-06-11 22:43:17.771 [http-nio-8888-exec-1] INFO  o.h.hql.internal.QueryTranslatorFactoryInitiator - HHH000397: Using ASTQueryTranslatorFactory
