2020-06-06 00:27:34.575 [restartedMain] INFO  com.daily.DailyApplication - Starting DailyApplication on LAPTOP-TP87U8O0 with PID 2376 (C:\Users\penny\Desktop\daily\back\daily\target\classes started by penny in C:\Users\penny\Desktop\daily\back\daily)
2020-06-06 00:27:34.585 [restartedMain] INFO  com.daily.DailyApplication - The following profiles are active: dev
2020-06-06 00:27:36.380 [restartedMain] INFO  c.u.j.c.EnableEncryptablePropertiesBeanFactoryPostProcessor - Post-processing PropertySource instances
2020-06-06 00:27:36.428 [restartedMain] INFO  c.u.j.EncryptablePropertySourceConverter - Converting PropertySource configurationProperties [org.springframework.boot.context.properties.source.ConfigurationPropertySourcesPropertySource] to AOP Proxy
2020-06-06 00:27:36.430 [restartedMain] INFO  c.u.j.EncryptablePropertySourceConverter - Converting PropertySource servletConfigInitParams [org.springframework.core.env.PropertySource$StubPropertySource] to EncryptablePropertySourceWrapper
2020-06-06 00:27:36.430 [restartedMain] INFO  c.u.j.EncryptablePropertySourceConverter - Converting PropertySource servletContextInitParams [org.springframework.core.env.PropertySource$StubPropertySource] to EncryptablePropertySourceWrapper
2020-06-06 00:27:36.431 [restartedMain] INFO  c.u.j.EncryptablePropertySourceConverter - Converting PropertySource systemProperties [org.springframework.core.env.PropertiesPropertySource] to EncryptableMapPropertySourceWrapper
2020-06-06 00:27:36.431 [restartedMain] INFO  c.u.j.EncryptablePropertySourceConverter - Converting PropertySource systemEnvironment [org.springframework.boot.env.SystemEnvironmentPropertySourceEnvironmentPostProcessor$OriginAwareSystemEnvironmentPropertySource] to EncryptableMapPropertySourceWrapper
2020-06-06 00:27:36.431 [restartedMain] INFO  c.u.j.EncryptablePropertySourceConverter - Converting PropertySource random [org.springframework.boot.env.RandomValuePropertySource] to EncryptablePropertySourceWrapper
2020-06-06 00:27:36.431 [restartedMain] INFO  c.u.j.EncryptablePropertySourceConverter - Converting PropertySource applicationConfig: [classpath:/application-dev.properties] [org.springframework.boot.env.OriginTrackedMapPropertySource] to EncryptableMapPropertySourceWrapper
2020-06-06 00:27:36.431 [restartedMain] INFO  c.u.j.EncryptablePropertySourceConverter - Converting PropertySource applicationConfig: [classpath:/application.properties] [org.springframework.boot.env.OriginTrackedMapPropertySource] to EncryptableMapPropertySourceWrapper
2020-06-06 00:27:36.431 [restartedMain] INFO  c.u.j.EncryptablePropertySourceConverter - Converting PropertySource devtools [org.springframework.core.env.MapPropertySource] to EncryptableMapPropertySourceWrapper
2020-06-06 00:27:36.656 [restartedMain] INFO  c.u.j.resolver.DefaultLazyPropertyResolver - Property Resolver custom Bean not found with name 'encryptablePropertyResolver'. Initializing Default Property Resolver
2020-06-06 00:27:36.658 [restartedMain] INFO  c.u.j.detector.DefaultLazyPropertyDetector - Property Detector custom Bean not found with name 'encryptablePropertyDetector'. Initializing Default Property Detector
2020-06-06 00:27:37.069 [restartedMain] INFO  org.apache.coyote.http11.Http11NioProtocol - Initializing ProtocolHandler ["http-nio-8888"]
2020-06-06 00:27:37.077 [restartedMain] INFO  org.apache.catalina.core.StandardService - Starting service [Tomcat]
2020-06-06 00:27:37.077 [restartedMain] INFO  org.apache.catalina.core.StandardEngine - Starting Servlet engine: [Apache Tomcat/9.0.22]
2020-06-06 00:27:37.289 [restartedMain] INFO  o.a.c.core.ContainerBase.[Tomcat].[localhost].[/] - Initializing Spring embedded WebApplicationContext
2020-06-06 00:27:37.404 [restartedMain] INFO  c.u.j.encryptor.DefaultLazyEncryptor - Found Custom Encryptor Bean org.jasypt.encryption.pbe.PooledPBEStringEncryptor@78cb0375 with name: jasyptStringEncryptor
2020-06-06 00:27:38.658 [restartedMain] INFO  com.zaxxer.hikari.HikariDataSource - MyHikariCP - Starting...
2020-06-06 00:27:39.044 [restartedMain] INFO  com.zaxxer.hikari.HikariDataSource - MyHikariCP - Start completed.
2020-06-06 00:27:39.161 [restartedMain] INFO  org.hibernate.jpa.internal.util.LogHelper - HHH000204: Processing PersistenceUnitInfo [
	name: default
	...]
2020-06-06 00:27:39.404 [restartedMain] INFO  org.hibernate.Version - HHH000412: Hibernate Core {5.3.10.Final}
2020-06-06 00:27:39.405 [restartedMain] INFO  org.hibernate.cfg.Environment - HHH000206: hibernate.properties not found
2020-06-06 00:27:39.814 [restartedMain] INFO  org.hibernate.annotations.common.Version - HCANN000001: Hibernate Commons Annotations {5.0.4.Final}
2020-06-06 00:27:40.166 [restartedMain] INFO  org.hibernate.dialect.Dialect - HHH000400: Using dialect: org.hibernate.dialect.MySQL5InnoDBDialect
2020-06-06 00:27:42.925 [restartedMain] INFO  s.d.s.w.PropertySourcedRequestMappingHandlerMapping - Mapped URL path [/v2/api-docs] onto method [public org.springframework.http.ResponseEntity<springfox.documentation.spring.web.json.Json> springfox.documentation.swagger2.web.Swagger2Controller.getDocumentation(java.lang.String,javax.servlet.http.HttpServletRequest)]
2020-06-06 00:27:43.736 [restartedMain] INFO  s.d.s.web.plugins.DocumentationPluginsBootstrapper - Context refreshed
2020-06-06 00:27:43.764 [restartedMain] INFO  s.d.s.web.plugins.DocumentationPluginsBootstrapper - Found 1 custom documentation plugin(s)
2020-06-06 00:27:43.794 [restartedMain] INFO  s.d.spring.web.scanners.ApiListingReferenceScanner - Scanning for api listing references
2020-06-06 00:27:43.976 [restartedMain] INFO  org.apache.coyote.http11.Http11NioProtocol - Starting ProtocolHandler ["http-nio-8888"]
2020-06-06 00:27:44.008 [restartedMain] INFO  com.daily.DailyApplication - Started DailyApplication in 10.119 seconds (JVM running for 11.643)
2020-06-06 20:06:38.367 [restartedMain] INFO  com.daily.DailyApplication - Starting DailyApplication on LAPTOP-TP87U8O0 with PID 4792 (C:\Users\penny\Desktop\daily\back\daily\target\classes started by penny in C:\Users\penny\Desktop\daily\back\daily)
2020-06-06 20:06:38.372 [restartedMain] INFO  com.daily.DailyApplication - The following profiles are active: dev
2020-06-06 20:06:40.475 [restartedMain] INFO  c.u.j.c.EnableEncryptablePropertiesBeanFactoryPostProcessor - Post-processing PropertySource instances
2020-06-06 20:06:40.530 [restartedMain] INFO  c.u.j.EncryptablePropertySourceConverter - Converting PropertySource configurationProperties [org.springframework.boot.context.properties.source.ConfigurationPropertySourcesPropertySource] to AOP Proxy
2020-06-06 20:06:40.533 [restartedMain] INFO  c.u.j.EncryptablePropertySourceConverter - Converting PropertySource servletConfigInitParams [org.springframework.core.env.PropertySource$StubPropertySource] to EncryptablePropertySourceWrapper
2020-06-06 20:06:40.533 [restartedMain] INFO  c.u.j.EncryptablePropertySourceConverter - Converting PropertySource servletContextInitParams [org.springframework.core.env.PropertySource$StubPropertySource] to EncryptablePropertySourceWrapper
2020-06-06 20:06:40.534 [restartedMain] INFO  c.u.j.EncryptablePropertySourceConverter - Converting PropertySource systemProperties [org.springframework.core.env.PropertiesPropertySource] to EncryptableMapPropertySourceWrapper
2020-06-06 20:06:40.534 [restartedMain] INFO  c.u.j.EncryptablePropertySourceConverter - Converting PropertySource systemEnvironment [org.springframework.boot.env.SystemEnvironmentPropertySourceEnvironmentPostProcessor$OriginAwareSystemEnvironmentPropertySource] to EncryptableMapPropertySourceWrapper
2020-06-06 20:06:40.534 [restartedMain] INFO  c.u.j.EncryptablePropertySourceConverter - Converting PropertySource random [org.springframework.boot.env.RandomValuePropertySource] to EncryptablePropertySourceWrapper
2020-06-06 20:06:40.535 [restartedMain] INFO  c.u.j.EncryptablePropertySourceConverter - Converting PropertySource applicationConfig: [classpath:/application-dev.properties] [org.springframework.boot.env.OriginTrackedMapPropertySource] to EncryptableMapPropertySourceWrapper
2020-06-06 20:06:40.535 [restartedMain] INFO  c.u.j.EncryptablePropertySourceConverter - Converting PropertySource applicationConfig: [classpath:/application.properties] [org.springframework.boot.env.OriginTrackedMapPropertySource] to EncryptableMapPropertySourceWrapper
2020-06-06 20:06:40.535 [restartedMain] INFO  c.u.j.EncryptablePropertySourceConverter - Converting PropertySource devtools [org.springframework.core.env.MapPropertySource] to EncryptableMapPropertySourceWrapper
2020-06-06 20:06:40.837 [restartedMain] INFO  c.u.j.resolver.DefaultLazyPropertyResolver - Property Resolver custom Bean not found with name 'encryptablePropertyResolver'. Initializing Default Property Resolver
2020-06-06 20:06:40.844 [restartedMain] INFO  c.u.j.detector.DefaultLazyPropertyDetector - Property Detector custom Bean not found with name 'encryptablePropertyDetector'. Initializing Default Property Detector
2020-06-06 20:06:41.306 [restartedMain] INFO  org.apache.coyote.http11.Http11NioProtocol - Initializing ProtocolHandler ["http-nio-8888"]
2020-06-06 20:06:41.316 [restartedMain] INFO  org.apache.catalina.core.StandardService - Starting service [Tomcat]
2020-06-06 20:06:41.317 [restartedMain] INFO  org.apache.catalina.core.StandardEngine - Starting Servlet engine: [Apache Tomcat/9.0.22]
2020-06-06 20:06:41.489 [restartedMain] INFO  o.a.c.core.ContainerBase.[Tomcat].[localhost].[/] - Initializing Spring embedded WebApplicationContext
2020-06-06 20:06:41.696 [restartedMain] INFO  c.u.j.encryptor.DefaultLazyEncryptor - Found Custom Encryptor Bean org.jasypt.encryption.pbe.PooledPBEStringEncryptor@75a420f4 with name: jasyptStringEncryptor
2020-06-06 20:06:42.474 [restartedMain] INFO  com.zaxxer.hikari.HikariDataSource - MyHikariCP - Starting...
2020-06-06 20:06:42.633 [restartedMain] INFO  com.zaxxer.hikari.HikariDataSource - MyHikariCP - Start completed.
2020-06-06 20:06:42.716 [restartedMain] INFO  org.hibernate.jpa.internal.util.LogHelper - HHH000204: Processing PersistenceUnitInfo [
	name: default
	...]
2020-06-06 20:06:42.832 [restartedMain] INFO  org.hibernate.Version - HHH000412: Hibernate Core {5.3.10.Final}
2020-06-06 20:06:42.834 [restartedMain] INFO  org.hibernate.cfg.Environment - HHH000206: hibernate.properties not found
2020-06-06 20:06:43.034 [restartedMain] INFO  org.hibernate.annotations.common.Version - HCANN000001: Hibernate Commons Annotations {5.0.4.Final}
2020-06-06 20:06:43.238 [restartedMain] INFO  org.hibernate.dialect.Dialect - HHH000400: Using dialect: org.hibernate.dialect.MySQL5InnoDBDialect
2020-06-06 20:06:46.126 [restartedMain] INFO  s.d.s.w.PropertySourcedRequestMappingHandlerMapping - Mapped URL path [/v2/api-docs] onto method [public org.springframework.http.ResponseEntity<springfox.documentation.spring.web.json.Json> springfox.documentation.swagger2.web.Swagger2Controller.getDocumentation(java.lang.String,javax.servlet.http.HttpServletRequest)]
2020-06-06 20:06:47.009 [restartedMain] INFO  s.d.s.web.plugins.DocumentationPluginsBootstrapper - Context refreshed
2020-06-06 20:06:47.032 [restartedMain] INFO  s.d.s.web.plugins.DocumentationPluginsBootstrapper - Found 1 custom documentation plugin(s)
2020-06-06 20:06:47.064 [restartedMain] INFO  s.d.spring.web.scanners.ApiListingReferenceScanner - Scanning for api listing references
2020-06-06 20:06:47.277 [restartedMain] INFO  org.apache.coyote.http11.Http11NioProtocol - Starting ProtocolHandler ["http-nio-8888"]
2020-06-06 20:06:47.305 [restartedMain] INFO  com.daily.DailyApplication - Started DailyApplication in 9.853 seconds (JVM running for 12.159)
2020-06-06 20:08:46.368 [Thread-17] INFO  com.zaxxer.hikari.HikariDataSource - MyHikariCP - Shutdown initiated...
2020-06-06 20:08:46.375 [Thread-17] INFO  com.zaxxer.hikari.HikariDataSource - MyHikariCP - Shutdown completed.
2020-06-06 20:08:47.377 [restartedMain] INFO  com.daily.DailyApplication - Starting DailyApplication on LAPTOP-TP87U8O0 with PID 4792 (C:\Users\penny\Desktop\daily\back\daily\target\classes started by penny in C:\Users\penny\Desktop\daily\back\daily)
2020-06-06 20:08:47.377 [restartedMain] INFO  com.daily.DailyApplication - The following profiles are active: dev
2020-06-06 20:08:48.899 [restartedMain] INFO  c.u.j.c.EnableEncryptablePropertiesBeanFactoryPostProcessor - Post-processing PropertySource instances
2020-06-06 20:08:48.906 [restartedMain] INFO  c.u.j.EncryptablePropertySourceConverter - Converting PropertySource configurationProperties [org.springframework.boot.context.properties.source.ConfigurationPropertySourcesPropertySource] to AOP Proxy
2020-06-06 20:08:48.907 [restartedMain] INFO  c.u.j.EncryptablePropertySourceConverter - Converting PropertySource servletConfigInitParams [org.springframework.core.env.PropertySource$StubPropertySource] to EncryptablePropertySourceWrapper
2020-06-06 20:08:48.907 [restartedMain] INFO  c.u.j.EncryptablePropertySourceConverter - Converting PropertySource servletContextInitParams [org.springframework.core.env.PropertySource$StubPropertySource] to EncryptablePropertySourceWrapper
2020-06-06 20:08:48.907 [restartedMain] INFO  c.u.j.EncryptablePropertySourceConverter - Converting PropertySource systemProperties [org.springframework.core.env.PropertiesPropertySource] to EncryptableMapPropertySourceWrapper
2020-06-06 20:08:48.907 [restartedMain] INFO  c.u.j.EncryptablePropertySourceConverter - Converting PropertySource systemEnvironment [org.springframework.boot.env.SystemEnvironmentPropertySourceEnvironmentPostProcessor$OriginAwareSystemEnvironmentPropertySource] to EncryptableMapPropertySourceWrapper
2020-06-06 20:08:48.908 [restartedMain] INFO  c.u.j.EncryptablePropertySourceConverter - Converting PropertySource random [org.springframework.boot.env.RandomValuePropertySource] to EncryptablePropertySourceWrapper
2020-06-06 20:08:48.908 [restartedMain] INFO  c.u.j.EncryptablePropertySourceConverter - Converting PropertySource applicationConfig: [classpath:/application-dev.properties] [org.springframework.boot.env.OriginTrackedMapPropertySource] to EncryptableMapPropertySourceWrapper
2020-06-06 20:08:48.908 [restartedMain] INFO  c.u.j.EncryptablePropertySourceConverter - Converting PropertySource applicationConfig: [classpath:/application.properties] [org.springframework.boot.env.OriginTrackedMapPropertySource] to EncryptableMapPropertySourceWrapper
2020-06-06 20:08:48.908 [restartedMain] INFO  c.u.j.EncryptablePropertySourceConverter - Converting PropertySource devtools [org.springframework.core.env.MapPropertySource] to EncryptableMapPropertySourceWrapper
2020-06-06 20:08:48.952 [restartedMain] INFO  c.u.j.resolver.DefaultLazyPropertyResolver - Property Resolver custom Bean not found with name 'encryptablePropertyResolver'. Initializing Default Property Resolver
2020-06-06 20:08:48.952 [restartedMain] INFO  c.u.j.detector.DefaultLazyPropertyDetector - Property Detector custom Bean not found with name 'encryptablePropertyDetector'. Initializing Default Property Detector
2020-06-06 20:08:49.133 [restartedMain] INFO  org.apache.coyote.http11.Http11NioProtocol - Initializing ProtocolHandler ["http-nio-8888"]
2020-06-06 20:08:49.133 [restartedMain] INFO  org.apache.catalina.core.StandardService - Starting service [Tomcat]
2020-06-06 20:08:49.134 [restartedMain] INFO  org.apache.catalina.core.StandardEngine - Starting Servlet engine: [Apache Tomcat/9.0.22]
2020-06-06 20:08:49.170 [restartedMain] INFO  o.a.c.core.ContainerBase.[Tomcat].[localhost].[/] - Initializing Spring embedded WebApplicationContext
2020-06-06 20:08:49.200 [restartedMain] INFO  c.u.j.encryptor.DefaultLazyEncryptor - Found Custom Encryptor Bean org.jasypt.encryption.pbe.PooledPBEStringEncryptor@6ec8f82c with name: jasyptStringEncryptor
2020-06-06 20:08:49.240 [restartedMain] INFO  com.zaxxer.hikari.HikariDataSource - MyHikariCP - Starting...
2020-06-06 20:08:49.251 [restartedMain] INFO  com.zaxxer.hikari.HikariDataSource - MyHikariCP - Start completed.
2020-06-06 20:08:49.272 [restartedMain] INFO  org.hibernate.jpa.internal.util.LogHelper - HHH000204: Processing PersistenceUnitInfo [
	name: default
	...]
2020-06-06 20:08:49.302 [restartedMain] INFO  org.hibernate.dialect.Dialect - HHH000400: Using dialect: org.hibernate.dialect.MySQL5InnoDBDialect
2020-06-06 20:08:50.119 [restartedMain] INFO  s.d.s.w.PropertySourcedRequestMappingHandlerMapping - Mapped URL path [/v2/api-docs] onto method [public org.springframework.http.ResponseEntity<springfox.documentation.spring.web.json.Json> springfox.documentation.swagger2.web.Swagger2Controller.getDocumentation(java.lang.String,javax.servlet.http.HttpServletRequest)]
2020-06-06 20:08:50.453 [restartedMain] INFO  s.d.s.web.plugins.DocumentationPluginsBootstrapper - Context refreshed
2020-06-06 20:08:50.455 [restartedMain] INFO  s.d.s.web.plugins.DocumentationPluginsBootstrapper - Found 1 custom documentation plugin(s)
2020-06-06 20:08:50.465 [restartedMain] INFO  s.d.spring.web.scanners.ApiListingReferenceScanner - Scanning for api listing references
2020-06-06 20:08:50.582 [restartedMain] INFO  org.apache.coyote.http11.Http11NioProtocol - Starting ProtocolHandler ["http-nio-8888"]
2020-06-06 20:08:50.588 [restartedMain] INFO  com.daily.DailyApplication - Started DailyApplication in 3.282 seconds (JVM running for 135.442)
2020-06-06 20:09:19.556 [http-nio-8888-exec-1] INFO  org.apache.tomcat.util.http.parser.Cookie - A cookie header was received [1576108459; JSESSIONID=C18A65E68F08DDE13BAEF7AC42F9B3EC] that contained an invalid cookie. That cookie will be ignored.
 Note: further occurrences of this error will be logged at DEBUG level.
2020-06-06 20:09:19.567 [http-nio-8888-exec-1] INFO  o.a.c.core.ContainerBase.[Tomcat].[localhost].[/] - Initializing Spring DispatcherServlet 'dispatcherServlet'
2020-06-06 20:09:19.652 [http-nio-8888-exec-1] INFO  o.h.hql.internal.QueryTranslatorFactoryInitiator - HHH000397: Using ASTQueryTranslatorFactory
