2020-06-14 14:18:48.135 [restartedMain] DEBUG org.apache.ibatis.logging.LogFactory - Logging initialized using 'class org.apache.ibatis.logging.slf4j.Slf4jImpl' adapter.
2020-06-14 14:20:27.324 [restartedMain] DEBUG org.apache.ibatis.logging.LogFactory - Logging initialized using 'class org.apache.ibatis.logging.slf4j.Slf4jImpl' adapter.
2020-06-14 14:28:16.097 [restartedMain] DEBUG org.apache.ibatis.logging.LogFactory - Logging initialized using 'class org.apache.ibatis.logging.slf4j.Slf4jImpl' adapter.
2020-06-14 14:38:52.408 [restartedMain] DEBUG org.apache.ibatis.logging.LogFactory - Logging initialized using 'class org.apache.ibatis.logging.slf4j.Slf4jImpl' adapter.
2020-06-14 14:45:18.072 [restartedMain] DEBUG org.apache.ibatis.logging.LogFactory - Logging initialized using 'class org.apache.ibatis.logging.slf4j.Slf4jImpl' adapter.
2020-06-14 14:45:56.902 [http-nio-8888-exec-5] DEBUG com.daily.dao.mybatis.DailyMapper.searchDaily - ==>  Preparing: SELECT id, user_id, product, content, progress, note, insert_dt FROM daily_content WHERE delete_flag = '0' AND user_id = ? AND product = ? ORDER BY insert_dt DESC 
2020-06-14 14:45:56.912 [http-nio-8888-exec-5] DEBUG com.daily.dao.mybatis.DailyMapper.searchDaily - ==> Parameters: 1(Integer), 教练APP(String)
2020-06-14 14:45:56.923 [http-nio-8888-exec-5] DEBUG com.daily.dao.mybatis.DailyMapper.searchDaily - <==      Total: 3
2020-06-14 14:45:56.926 [http-nio-8888-exec-5] DEBUG com.daily.dao.mybatis.DailyMapper.countDaily - ==>  Preparing: SELECT count(distinct left(insert_dt, 10)) FROM daily_content WHERE delete_flag = '0' AND user_id = ? AND product = ? 
2020-06-14 14:45:56.926 [http-nio-8888-exec-5] DEBUG com.daily.dao.mybatis.DailyMapper.countDaily - ==> Parameters: 1(Integer), 教练APP(String)
2020-06-14 14:45:56.928 [http-nio-8888-exec-5] DEBUG com.daily.dao.mybatis.DailyMapper.countDaily - <==      Total: 1
2020-06-14 14:46:33.582 [http-nio-8888-exec-10] DEBUG com.daily.dao.mybatis.DailyMapper.searchDaily - ==>  Preparing: SELECT id, user_id, product, content, progress, note, insert_dt FROM daily_content WHERE delete_flag = '0' AND user_id = ? AND progress < 100 ORDER BY insert_dt DESC 
2020-06-14 14:46:33.583 [http-nio-8888-exec-10] DEBUG com.daily.dao.mybatis.DailyMapper.searchDaily - ==> Parameters: 1(Integer)
2020-06-14 14:46:33.589 [http-nio-8888-exec-10] DEBUG com.daily.dao.mybatis.DailyMapper.searchDaily - <==      Total: 0
2020-06-14 14:46:33.590 [http-nio-8888-exec-10] DEBUG com.daily.dao.mybatis.DailyMapper.countDaily - ==>  Preparing: SELECT count(distinct left(insert_dt, 10)) FROM daily_content WHERE delete_flag = '0' AND user_id = ? AND progress < 100 
2020-06-14 14:46:33.590 [http-nio-8888-exec-10] DEBUG com.daily.dao.mybatis.DailyMapper.countDaily - ==> Parameters: 1(Integer)
2020-06-14 14:46:33.592 [http-nio-8888-exec-10] DEBUG com.daily.dao.mybatis.DailyMapper.countDaily - <==      Total: 1
2020-06-14 14:46:36.621 [http-nio-8888-exec-6] DEBUG com.daily.dao.mybatis.DailyMapper.searchDaily - ==>  Preparing: SELECT id, user_id, product, content, progress, note, insert_dt FROM daily_content WHERE delete_flag = '0' AND user_id = ? AND progress = 100 ORDER BY insert_dt DESC 
2020-06-14 14:46:36.623 [http-nio-8888-exec-6] DEBUG com.daily.dao.mybatis.DailyMapper.searchDaily - ==> Parameters: 1(Integer)
2020-06-14 14:46:36.627 [http-nio-8888-exec-6] DEBUG com.daily.dao.mybatis.DailyMapper.searchDaily - <==      Total: 8
2020-06-14 14:46:36.629 [http-nio-8888-exec-6] DEBUG com.daily.dao.mybatis.DailyMapper.countDaily - ==>  Preparing: SELECT count(distinct left(insert_dt, 10)) FROM daily_content WHERE delete_flag = '0' AND user_id = ? AND progress = 100 
2020-06-14 14:46:36.630 [http-nio-8888-exec-6] DEBUG com.daily.dao.mybatis.DailyMapper.countDaily - ==> Parameters: 1(Integer)
2020-06-14 14:46:36.631 [http-nio-8888-exec-6] DEBUG com.daily.dao.mybatis.DailyMapper.countDaily - <==      Total: 1
2020-06-14 16:29:57.832 [restartedMain] DEBUG org.apache.ibatis.logging.LogFactory - Logging initialized using 'class org.apache.ibatis.logging.slf4j.Slf4jImpl' adapter.
2020-06-14 16:42:34.297 [restartedMain] DEBUG org.apache.ibatis.logging.LogFactory - Logging initialized using 'class org.apache.ibatis.logging.slf4j.Slf4jImpl' adapter.
2020-06-14 16:46:46.823 [http-nio-8888-exec-4] DEBUG com.daily.dao.mybatis.DailyMapper.listTotalDaily - ==>  Preparing: SELECT a.id, a.name FROM daily_user a LEFT JOIN daily_content b ON a.id = b.user_id AND b.delete_flag = '0' WHERE a.delete_flag = '0' AND a.is_admin = '0' AND a.department = ? AND LEFT(b.insert_dt, 10) = ? 
2020-06-14 16:46:46.834 [http-nio-8888-exec-4] DEBUG com.daily.dao.mybatis.DailyMapper.listTotalDaily - ==> Parameters: 技术部(String), 2020-06-14(String)
2020-06-14 16:46:46.846 [http-nio-8888-exec-4] DEBUG com.daily.dao.mybatis.DailyMapper.listTotalDaily - <==      Total: 0
2020-06-14 16:47:34.276 [http-nio-8888-exec-9] DEBUG com.daily.dao.mybatis.DailyMapper.listTotalDaily - ==>  Preparing: SELECT a.id, a.name FROM daily_user a LEFT JOIN daily_content b ON a.id = b.user_id AND b.delete_flag = '0' WHERE a.delete_flag = '0' AND a.is_admin = '0' AND a.department = ? AND LEFT(b.insert_dt, 10) = ? 
2020-06-14 16:47:34.279 [http-nio-8888-exec-9] DEBUG com.daily.dao.mybatis.DailyMapper.listTotalDaily - ==> Parameters: 技术部(String), 2020-06-14(String)
2020-06-14 16:47:34.284 [http-nio-8888-exec-9] DEBUG com.daily.dao.mybatis.DailyMapper.listTotalDaily - <==      Total: 3
2020-06-14 16:49:57.297 [restartedMain] DEBUG org.apache.ibatis.logging.LogFactory - Logging initialized using 'class org.apache.ibatis.logging.slf4j.Slf4jImpl' adapter.
2020-06-14 16:50:03.913 [http-nio-8888-exec-8] DEBUG com.daily.dao.mybatis.DailyMapper.listTotalDaily - ==>  Preparing: SELECT a.id, a.name FROM daily_user a LEFT JOIN daily_content b ON a.id = b.user_id AND b.delete_flag = '0' WHERE a.delete_flag = '0' AND a.is_admin = '0' AND a.department = ? AND LEFT(b.insert_dt, 10) = ? 
2020-06-14 16:50:03.925 [http-nio-8888-exec-8] DEBUG com.daily.dao.mybatis.DailyMapper.listTotalDaily - ==> Parameters: 技术部(String), 2020-06-14(String)
2020-06-14 16:50:03.942 [http-nio-8888-exec-8] DEBUG com.daily.dao.mybatis.DailyMapper.listTotalDaily - <==      Total: 3
2020-06-14 16:51:37.061 [restartedMain] DEBUG org.apache.ibatis.logging.LogFactory - Logging initialized using 'class org.apache.ibatis.logging.slf4j.Slf4jImpl' adapter.
2020-06-14 16:51:42.489 [http-nio-8888-exec-4] DEBUG com.daily.dao.mybatis.DailyMapper.listTotalDaily - ==>  Preparing: SELECT a.id, a.name, b.user_id, b.product, b.progress, b.content, b.note FROM daily_user a LEFT JOIN daily_content b ON a.id = b.user_id AND b.delete_flag = '0' WHERE a.delete_flag = '0' AND a.is_admin = '0' AND a.department = ? AND LEFT(b.insert_dt, 10) = ? 
2020-06-14 16:51:42.497 [http-nio-8888-exec-4] DEBUG com.daily.dao.mybatis.DailyMapper.listTotalDaily - ==> Parameters: 技术部(String), 2020-06-14(String)
2020-06-14 16:51:42.518 [http-nio-8888-exec-4] DEBUG com.daily.dao.mybatis.DailyMapper.listTotalDaily - <==      Total: 3
2020-06-14 16:56:08.679 [http-nio-8888-exec-1] DEBUG com.daily.dao.mybatis.DailyMapper.listTotalDaily - ==>  Preparing: SELECT a.id, a.name, b.user_id, b.product, b.progress, b.content, b.note FROM daily_user a LEFT JOIN daily_content b ON a.id = b.user_id AND b.delete_flag = '0' WHERE a.delete_flag = '0' AND a.is_admin = '0' AND a.department = ? AND LEFT(b.insert_dt, 10) = ? 
2020-06-14 16:56:08.681 [http-nio-8888-exec-1] DEBUG com.daily.dao.mybatis.DailyMapper.listTotalDaily - ==> Parameters: 技术部(String), 2020-06-14(String)
2020-06-14 16:56:08.691 [http-nio-8888-exec-1] DEBUG com.daily.dao.mybatis.DailyMapper.listTotalDaily - <==      Total: 7
2020-06-14 17:02:15.044 [http-nio-8888-exec-8] DEBUG com.daily.dao.mybatis.DailyMapper.listTotalDaily - ==>  Preparing: SELECT a.id, a.name, b.user_id, b.product, b.progress, b.content, b.note FROM daily_user a LEFT JOIN daily_content b ON a.id = b.user_id AND b.delete_flag = '0' WHERE a.delete_flag = '0' AND a.is_admin = '0' AND a.department = ? AND LEFT(b.insert_dt, 10) = ? 
2020-06-14 17:02:15.046 [http-nio-8888-exec-8] DEBUG com.daily.dao.mybatis.DailyMapper.listTotalDaily - ==> Parameters: 技术部(String), 2020-06-14(String)
2020-06-14 17:02:15.053 [http-nio-8888-exec-8] DEBUG com.daily.dao.mybatis.DailyMapper.listTotalDaily - <==      Total: 7
2020-06-14 17:02:22.382 [http-nio-8888-exec-10] DEBUG com.daily.dao.mybatis.DailyMapper.listTotalDaily - ==>  Preparing: SELECT a.id, a.name, b.user_id, b.product, b.progress, b.content, b.note FROM daily_user a LEFT JOIN daily_content b ON a.id = b.user_id AND b.delete_flag = '0' WHERE a.delete_flag = '0' AND a.is_admin = '0' AND a.department = ? AND LEFT(b.insert_dt, 10) = ? 
2020-06-14 17:02:22.383 [http-nio-8888-exec-10] DEBUG com.daily.dao.mybatis.DailyMapper.listTotalDaily - ==> Parameters: 技术部(String), 2020-06-13(String)
2020-06-14 17:02:22.386 [http-nio-8888-exec-10] DEBUG com.daily.dao.mybatis.DailyMapper.listTotalDaily - <==      Total: 0
2020-06-14 17:02:24.098 [http-nio-8888-exec-3] DEBUG com.daily.dao.mybatis.DailyMapper.listTotalDaily - ==>  Preparing: SELECT a.id, a.name, b.user_id, b.product, b.progress, b.content, b.note FROM daily_user a LEFT JOIN daily_content b ON a.id = b.user_id AND b.delete_flag = '0' WHERE a.delete_flag = '0' AND a.is_admin = '0' AND a.department = ? AND LEFT(b.insert_dt, 10) = ? 
2020-06-14 17:02:24.099 [http-nio-8888-exec-3] DEBUG com.daily.dao.mybatis.DailyMapper.listTotalDaily - ==> Parameters: 技术部(String), 2020-06-15(String)
2020-06-14 17:02:24.109 [http-nio-8888-exec-3] DEBUG com.daily.dao.mybatis.DailyMapper.listTotalDaily - <==      Total: 0
2020-06-14 17:02:45.485 [http-nio-8888-exec-2] DEBUG com.daily.dao.mybatis.DailyMapper.listTotalDaily - ==>  Preparing: SELECT a.id, a.name, b.user_id, b.product, b.progress, b.content, b.note FROM daily_user a LEFT JOIN daily_content b ON a.id = b.user_id AND b.delete_flag = '0' WHERE a.delete_flag = '0' AND a.is_admin = '0' AND a.department = ? AND LEFT(b.insert_dt, 10) = ? 
2020-06-14 17:02:45.486 [http-nio-8888-exec-2] DEBUG com.daily.dao.mybatis.DailyMapper.listTotalDaily - ==> Parameters: 技术部(String), 2020-06-15(String)
2020-06-14 17:02:45.487 [http-nio-8888-exec-2] DEBUG com.daily.dao.mybatis.DailyMapper.listTotalDaily - <==      Total: 0
2020-06-14 17:02:46.127 [http-nio-8888-exec-4] DEBUG com.daily.dao.mybatis.DailyMapper.listTotalDaily - ==>  Preparing: SELECT a.id, a.name, b.user_id, b.product, b.progress, b.content, b.note FROM daily_user a LEFT JOIN daily_content b ON a.id = b.user_id AND b.delete_flag = '0' WHERE a.delete_flag = '0' AND a.is_admin = '0' AND a.department = ? AND LEFT(b.insert_dt, 10) = ? 
2020-06-14 17:02:46.128 [http-nio-8888-exec-4] DEBUG com.daily.dao.mybatis.DailyMapper.listTotalDaily - ==> Parameters: 技术部(String), 2020-06-13(String)
2020-06-14 17:02:46.129 [http-nio-8888-exec-4] DEBUG com.daily.dao.mybatis.DailyMapper.listTotalDaily - <==      Total: 0
2020-06-14 17:02:46.852 [http-nio-8888-exec-9] DEBUG com.daily.dao.mybatis.DailyMapper.listTotalDaily - ==>  Preparing: SELECT a.id, a.name, b.user_id, b.product, b.progress, b.content, b.note FROM daily_user a LEFT JOIN daily_content b ON a.id = b.user_id AND b.delete_flag = '0' WHERE a.delete_flag = '0' AND a.is_admin = '0' AND a.department = ? AND LEFT(b.insert_dt, 10) = ? 
2020-06-14 17:02:46.853 [http-nio-8888-exec-9] DEBUG com.daily.dao.mybatis.DailyMapper.listTotalDaily - ==> Parameters: 技术部(String), 2020-06-13(String)
2020-06-14 17:02:46.855 [http-nio-8888-exec-9] DEBUG com.daily.dao.mybatis.DailyMapper.listTotalDaily - <==      Total: 0
2020-06-14 17:02:47.135 [http-nio-8888-exec-7] DEBUG com.daily.dao.mybatis.DailyMapper.listTotalDaily - ==>  Preparing: SELECT a.id, a.name, b.user_id, b.product, b.progress, b.content, b.note FROM daily_user a LEFT JOIN daily_content b ON a.id = b.user_id AND b.delete_flag = '0' WHERE a.delete_flag = '0' AND a.is_admin = '0' AND a.department = ? AND LEFT(b.insert_dt, 10) = ? 
2020-06-14 17:02:47.136 [http-nio-8888-exec-7] DEBUG com.daily.dao.mybatis.DailyMapper.listTotalDaily - ==> Parameters: 技术部(String), 2020-06-13(String)
2020-06-14 17:02:47.137 [http-nio-8888-exec-7] DEBUG com.daily.dao.mybatis.DailyMapper.listTotalDaily - <==      Total: 0
2020-06-14 17:02:47.353 [http-nio-8888-exec-6] DEBUG com.daily.dao.mybatis.DailyMapper.listTotalDaily - ==>  Preparing: SELECT a.id, a.name, b.user_id, b.product, b.progress, b.content, b.note FROM daily_user a LEFT JOIN daily_content b ON a.id = b.user_id AND b.delete_flag = '0' WHERE a.delete_flag = '0' AND a.is_admin = '0' AND a.department = ? AND LEFT(b.insert_dt, 10) = ? 
2020-06-14 17:02:47.354 [http-nio-8888-exec-6] DEBUG com.daily.dao.mybatis.DailyMapper.listTotalDaily - ==> Parameters: 技术部(String), 2020-06-13(String)
2020-06-14 17:02:47.355 [http-nio-8888-exec-6] DEBUG com.daily.dao.mybatis.DailyMapper.listTotalDaily - <==      Total: 0
2020-06-14 17:02:48.136 [http-nio-8888-exec-8] DEBUG com.daily.dao.mybatis.DailyMapper.listTotalDaily - ==>  Preparing: SELECT a.id, a.name, b.user_id, b.product, b.progress, b.content, b.note FROM daily_user a LEFT JOIN daily_content b ON a.id = b.user_id AND b.delete_flag = '0' WHERE a.delete_flag = '0' AND a.is_admin = '0' AND a.department = ? AND LEFT(b.insert_dt, 10) = ? 
2020-06-14 17:02:48.137 [http-nio-8888-exec-8] DEBUG com.daily.dao.mybatis.DailyMapper.listTotalDaily - ==> Parameters: 技术部(String), 2020-06-15(String)
2020-06-14 17:02:48.138 [http-nio-8888-exec-8] DEBUG com.daily.dao.mybatis.DailyMapper.listTotalDaily - <==      Total: 0
2020-06-14 17:02:48.333 [http-nio-8888-exec-5] DEBUG com.daily.dao.mybatis.DailyMapper.listTotalDaily - ==>  Preparing: SELECT a.id, a.name, b.user_id, b.product, b.progress, b.content, b.note FROM daily_user a LEFT JOIN daily_content b ON a.id = b.user_id AND b.delete_flag = '0' WHERE a.delete_flag = '0' AND a.is_admin = '0' AND a.department = ? AND LEFT(b.insert_dt, 10) = ? 
2020-06-14 17:02:48.334 [http-nio-8888-exec-5] DEBUG com.daily.dao.mybatis.DailyMapper.listTotalDaily - ==> Parameters: 技术部(String), 2020-06-15(String)
2020-06-14 17:02:48.335 [http-nio-8888-exec-5] DEBUG com.daily.dao.mybatis.DailyMapper.listTotalDaily - <==      Total: 0
2020-06-14 17:02:48.532 [http-nio-8888-exec-10] DEBUG com.daily.dao.mybatis.DailyMapper.listTotalDaily - ==>  Preparing: SELECT a.id, a.name, b.user_id, b.product, b.progress, b.content, b.note FROM daily_user a LEFT JOIN daily_content b ON a.id = b.user_id AND b.delete_flag = '0' WHERE a.delete_flag = '0' AND a.is_admin = '0' AND a.department = ? AND LEFT(b.insert_dt, 10) = ? 
2020-06-14 17:02:48.532 [http-nio-8888-exec-10] DEBUG com.daily.dao.mybatis.DailyMapper.listTotalDaily - ==> Parameters: 技术部(String), 2020-06-15(String)
2020-06-14 17:02:48.533 [http-nio-8888-exec-10] DEBUG com.daily.dao.mybatis.DailyMapper.listTotalDaily - <==      Total: 0
2020-06-14 17:14:17.825 [http-nio-8888-exec-8] DEBUG com.daily.dao.mybatis.DailyMapper.listTotalDaily - ==>  Preparing: SELECT a.id, a.name, b.user_id, b.product, b.progress, b.content, b.note FROM daily_user a LEFT JOIN daily_content b ON a.id = b.user_id AND b.delete_flag = '0' WHERE a.delete_flag = '0' AND a.is_admin = '0' AND a.department = ? AND LEFT(b.insert_dt, 10) = ? 
2020-06-14 17:14:17.828 [http-nio-8888-exec-8] DEBUG com.daily.dao.mybatis.DailyMapper.listTotalDaily - ==> Parameters: 技术部(String), 2020-06-14(String)
2020-06-14 17:14:17.832 [http-nio-8888-exec-8] DEBUG com.daily.dao.mybatis.DailyMapper.listTotalDaily - <==      Total: 7
2020-06-14 17:14:20.587 [http-nio-8888-exec-5] DEBUG com.daily.dao.mybatis.DailyMapper.listTotalDaily - ==>  Preparing: SELECT a.id, a.name, b.user_id, b.product, b.progress, b.content, b.note FROM daily_user a LEFT JOIN daily_content b ON a.id = b.user_id AND b.delete_flag = '0' WHERE a.delete_flag = '0' AND a.is_admin = '0' AND a.department = ? AND LEFT(b.insert_dt, 10) = ? 
2020-06-14 17:14:20.588 [http-nio-8888-exec-5] DEBUG com.daily.dao.mybatis.DailyMapper.listTotalDaily - ==> Parameters: 技术部(String), 2020-06-13(String)
2020-06-14 17:14:20.590 [http-nio-8888-exec-5] DEBUG com.daily.dao.mybatis.DailyMapper.listTotalDaily - <==      Total: 0
2020-06-14 17:14:21.822 [http-nio-8888-exec-1] DEBUG com.daily.dao.mybatis.DailyMapper.listTotalDaily - ==>  Preparing: SELECT a.id, a.name, b.user_id, b.product, b.progress, b.content, b.note FROM daily_user a LEFT JOIN daily_content b ON a.id = b.user_id AND b.delete_flag = '0' WHERE a.delete_flag = '0' AND a.is_admin = '0' AND a.department = ? AND LEFT(b.insert_dt, 10) = ? 
2020-06-14 17:14:21.824 [http-nio-8888-exec-1] DEBUG com.daily.dao.mybatis.DailyMapper.listTotalDaily - ==> Parameters: 技术部(String), 2020-06-12(String)
2020-06-14 17:14:21.826 [http-nio-8888-exec-1] DEBUG com.daily.dao.mybatis.DailyMapper.listTotalDaily - <==      Total: 0
2020-06-14 17:14:22.610 [http-nio-8888-exec-2] DEBUG com.daily.dao.mybatis.DailyMapper.listTotalDaily - ==>  Preparing: SELECT a.id, a.name, b.user_id, b.product, b.progress, b.content, b.note FROM daily_user a LEFT JOIN daily_content b ON a.id = b.user_id AND b.delete_flag = '0' WHERE a.delete_flag = '0' AND a.is_admin = '0' AND a.department = ? AND LEFT(b.insert_dt, 10) = ? 
2020-06-14 17:14:22.611 [http-nio-8888-exec-2] DEBUG com.daily.dao.mybatis.DailyMapper.listTotalDaily - ==> Parameters: 技术部(String), 2020-06-11(String)
2020-06-14 17:14:22.612 [http-nio-8888-exec-2] DEBUG com.daily.dao.mybatis.DailyMapper.listTotalDaily - <==      Total: 0
2020-06-14 17:14:57.587 [http-nio-8888-exec-9] DEBUG com.daily.dao.mybatis.DailyMapper.listTotalDaily - ==>  Preparing: SELECT a.id, a.name, b.user_id, b.product, b.progress, b.content, b.note FROM daily_user a LEFT JOIN daily_content b ON a.id = b.user_id AND b.delete_flag = '0' WHERE a.delete_flag = '0' AND a.is_admin = '0' AND a.department = ? AND LEFT(b.insert_dt, 10) = ? 
2020-06-14 17:14:57.587 [http-nio-8888-exec-9] DEBUG com.daily.dao.mybatis.DailyMapper.listTotalDaily - ==> Parameters: 技术部(String), 2020-06-10(String)
2020-06-14 17:14:57.589 [http-nio-8888-exec-9] DEBUG com.daily.dao.mybatis.DailyMapper.listTotalDaily - <==      Total: 0
2020-06-14 17:15:00.765 [http-nio-8888-exec-7] DEBUG com.daily.dao.mybatis.DailyMapper.listTotalDaily - ==>  Preparing: SELECT a.id, a.name, b.user_id, b.product, b.progress, b.content, b.note FROM daily_user a LEFT JOIN daily_content b ON a.id = b.user_id AND b.delete_flag = '0' WHERE a.delete_flag = '0' AND a.is_admin = '0' AND a.department = ? AND LEFT(b.insert_dt, 10) = ? 
2020-06-14 17:15:00.766 [http-nio-8888-exec-7] DEBUG com.daily.dao.mybatis.DailyMapper.listTotalDaily - ==> Parameters: 技术部(String), 2020-06-11(String)
2020-06-14 17:15:00.767 [http-nio-8888-exec-7] DEBUG com.daily.dao.mybatis.DailyMapper.listTotalDaily - <==      Total: 0
2020-06-14 17:15:01.277 [http-nio-8888-exec-6] DEBUG com.daily.dao.mybatis.DailyMapper.listTotalDaily - ==>  Preparing: SELECT a.id, a.name, b.user_id, b.product, b.progress, b.content, b.note FROM daily_user a LEFT JOIN daily_content b ON a.id = b.user_id AND b.delete_flag = '0' WHERE a.delete_flag = '0' AND a.is_admin = '0' AND a.department = ? AND LEFT(b.insert_dt, 10) = ? 
2020-06-14 17:15:01.277 [http-nio-8888-exec-6] DEBUG com.daily.dao.mybatis.DailyMapper.listTotalDaily - ==> Parameters: 技术部(String), 2020-06-12(String)
2020-06-14 17:15:01.278 [http-nio-8888-exec-6] DEBUG com.daily.dao.mybatis.DailyMapper.listTotalDaily - <==      Total: 0
2020-06-14 17:15:01.665 [http-nio-8888-exec-8] DEBUG com.daily.dao.mybatis.DailyMapper.listTotalDaily - ==>  Preparing: SELECT a.id, a.name, b.user_id, b.product, b.progress, b.content, b.note FROM daily_user a LEFT JOIN daily_content b ON a.id = b.user_id AND b.delete_flag = '0' WHERE a.delete_flag = '0' AND a.is_admin = '0' AND a.department = ? AND LEFT(b.insert_dt, 10) = ? 
2020-06-14 17:15:01.666 [http-nio-8888-exec-8] DEBUG com.daily.dao.mybatis.DailyMapper.listTotalDaily - ==> Parameters: 技术部(String), 2020-06-13(String)
2020-06-14 17:15:01.667 [http-nio-8888-exec-8] DEBUG com.daily.dao.mybatis.DailyMapper.listTotalDaily - <==      Total: 0
2020-06-14 17:15:02.143 [http-nio-8888-exec-5] DEBUG com.daily.dao.mybatis.DailyMapper.listTotalDaily - ==>  Preparing: SELECT a.id, a.name, b.user_id, b.product, b.progress, b.content, b.note FROM daily_user a LEFT JOIN daily_content b ON a.id = b.user_id AND b.delete_flag = '0' WHERE a.delete_flag = '0' AND a.is_admin = '0' AND a.department = ? AND LEFT(b.insert_dt, 10) = ? 
2020-06-14 17:15:02.143 [http-nio-8888-exec-5] DEBUG com.daily.dao.mybatis.DailyMapper.listTotalDaily - ==> Parameters: 技术部(String), 2020-06-14(String)
2020-06-14 17:15:02.145 [http-nio-8888-exec-5] DEBUG com.daily.dao.mybatis.DailyMapper.listTotalDaily - <==      Total: 7
2020-06-14 17:15:03.967 [http-nio-8888-exec-10] DEBUG com.daily.dao.mybatis.DailyMapper.listTotalDaily - ==>  Preparing: SELECT a.id, a.name, b.user_id, b.product, b.progress, b.content, b.note FROM daily_user a LEFT JOIN daily_content b ON a.id = b.user_id AND b.delete_flag = '0' WHERE a.delete_flag = '0' AND a.is_admin = '0' AND a.department = ? AND LEFT(b.insert_dt, 10) = ? 
2020-06-14 17:15:03.968 [http-nio-8888-exec-10] DEBUG com.daily.dao.mybatis.DailyMapper.listTotalDaily - ==> Parameters: 技术部(String), 2020-06-15(String)
2020-06-14 17:15:03.969 [http-nio-8888-exec-10] DEBUG com.daily.dao.mybatis.DailyMapper.listTotalDaily - <==      Total: 0
2020-06-14 17:15:04.554 [http-nio-8888-exec-3] DEBUG com.daily.dao.mybatis.DailyMapper.listTotalDaily - ==>  Preparing: SELECT a.id, a.name, b.user_id, b.product, b.progress, b.content, b.note FROM daily_user a LEFT JOIN daily_content b ON a.id = b.user_id AND b.delete_flag = '0' WHERE a.delete_flag = '0' AND a.is_admin = '0' AND a.department = ? AND LEFT(b.insert_dt, 10) = ? 
2020-06-14 17:15:04.555 [http-nio-8888-exec-3] DEBUG com.daily.dao.mybatis.DailyMapper.listTotalDaily - ==> Parameters: 技术部(String), 2020-06-16(String)
2020-06-14 17:15:04.556 [http-nio-8888-exec-3] DEBUG com.daily.dao.mybatis.DailyMapper.listTotalDaily - <==      Total: 0
2020-06-14 17:15:05.140 [http-nio-8888-exec-4] DEBUG com.daily.dao.mybatis.DailyMapper.listTotalDaily - ==>  Preparing: SELECT a.id, a.name, b.user_id, b.product, b.progress, b.content, b.note FROM daily_user a LEFT JOIN daily_content b ON a.id = b.user_id AND b.delete_flag = '0' WHERE a.delete_flag = '0' AND a.is_admin = '0' AND a.department = ? AND LEFT(b.insert_dt, 10) = ? 
2020-06-14 17:15:05.141 [http-nio-8888-exec-4] DEBUG com.daily.dao.mybatis.DailyMapper.listTotalDaily - ==> Parameters: 技术部(String), 2020-06-17(String)
2020-06-14 17:15:05.142 [http-nio-8888-exec-4] DEBUG com.daily.dao.mybatis.DailyMapper.listTotalDaily - <==      Total: 0
2020-06-14 17:15:05.840 [http-nio-8888-exec-7] DEBUG com.daily.dao.mybatis.DailyMapper.listTotalDaily - ==>  Preparing: SELECT a.id, a.name, b.user_id, b.product, b.progress, b.content, b.note FROM daily_user a LEFT JOIN daily_content b ON a.id = b.user_id AND b.delete_flag = '0' WHERE a.delete_flag = '0' AND a.is_admin = '0' AND a.department = ? AND LEFT(b.insert_dt, 10) = ? 
2020-06-14 17:15:05.840 [http-nio-8888-exec-7] DEBUG com.daily.dao.mybatis.DailyMapper.listTotalDaily - ==> Parameters: 技术部(String), 2020-06-18(String)
2020-06-14 17:15:05.841 [http-nio-8888-exec-7] DEBUG com.daily.dao.mybatis.DailyMapper.listTotalDaily - <==      Total: 0
2020-06-14 17:15:06.328 [http-nio-8888-exec-8] DEBUG com.daily.dao.mybatis.DailyMapper.listTotalDaily - ==>  Preparing: SELECT a.id, a.name, b.user_id, b.product, b.progress, b.content, b.note FROM daily_user a LEFT JOIN daily_content b ON a.id = b.user_id AND b.delete_flag = '0' WHERE a.delete_flag = '0' AND a.is_admin = '0' AND a.department = ? AND LEFT(b.insert_dt, 10) = ? 
2020-06-14 17:15:06.329 [http-nio-8888-exec-8] DEBUG com.daily.dao.mybatis.DailyMapper.listTotalDaily - ==> Parameters: 技术部(String), 2020-06-19(String)
2020-06-14 17:15:06.330 [http-nio-8888-exec-8] DEBUG com.daily.dao.mybatis.DailyMapper.listTotalDaily - <==      Total: 0
2020-06-14 17:15:07.082 [http-nio-8888-exec-10] DEBUG com.daily.dao.mybatis.DailyMapper.listTotalDaily - ==>  Preparing: SELECT a.id, a.name, b.user_id, b.product, b.progress, b.content, b.note FROM daily_user a LEFT JOIN daily_content b ON a.id = b.user_id AND b.delete_flag = '0' WHERE a.delete_flag = '0' AND a.is_admin = '0' AND a.department = ? AND LEFT(b.insert_dt, 10) = ? 
2020-06-14 17:15:07.082 [http-nio-8888-exec-10] DEBUG com.daily.dao.mybatis.DailyMapper.listTotalDaily - ==> Parameters: 技术部(String), 2020-06-20(String)
2020-06-14 17:15:07.083 [http-nio-8888-exec-10] DEBUG com.daily.dao.mybatis.DailyMapper.listTotalDaily - <==      Total: 0
2020-06-14 17:15:07.641 [http-nio-8888-exec-3] DEBUG com.daily.dao.mybatis.DailyMapper.listTotalDaily - ==>  Preparing: SELECT a.id, a.name, b.user_id, b.product, b.progress, b.content, b.note FROM daily_user a LEFT JOIN daily_content b ON a.id = b.user_id AND b.delete_flag = '0' WHERE a.delete_flag = '0' AND a.is_admin = '0' AND a.department = ? AND LEFT(b.insert_dt, 10) = ? 
2020-06-14 17:15:07.642 [http-nio-8888-exec-3] DEBUG com.daily.dao.mybatis.DailyMapper.listTotalDaily - ==> Parameters: 技术部(String), 2020-06-21(String)
2020-06-14 17:15:07.642 [http-nio-8888-exec-3] DEBUG com.daily.dao.mybatis.DailyMapper.listTotalDaily - <==      Total: 0
2020-06-14 17:15:08.855 [http-nio-8888-exec-4] DEBUG com.daily.dao.mybatis.DailyMapper.listTotalDaily - ==>  Preparing: SELECT a.id, a.name, b.user_id, b.product, b.progress, b.content, b.note FROM daily_user a LEFT JOIN daily_content b ON a.id = b.user_id AND b.delete_flag = '0' WHERE a.delete_flag = '0' AND a.is_admin = '0' AND a.department = ? AND LEFT(b.insert_dt, 10) = ? 
2020-06-14 17:15:08.856 [http-nio-8888-exec-4] DEBUG com.daily.dao.mybatis.DailyMapper.listTotalDaily - ==> Parameters: 技术部(String), 2020-06-22(String)
2020-06-14 17:15:08.857 [http-nio-8888-exec-4] DEBUG com.daily.dao.mybatis.DailyMapper.listTotalDaily - <==      Total: 0
2020-06-14 17:15:09.648 [http-nio-8888-exec-7] DEBUG com.daily.dao.mybatis.DailyMapper.listTotalDaily - ==>  Preparing: SELECT a.id, a.name, b.user_id, b.product, b.progress, b.content, b.note FROM daily_user a LEFT JOIN daily_content b ON a.id = b.user_id AND b.delete_flag = '0' WHERE a.delete_flag = '0' AND a.is_admin = '0' AND a.department = ? AND LEFT(b.insert_dt, 10) = ? 
2020-06-14 17:15:09.648 [http-nio-8888-exec-7] DEBUG com.daily.dao.mybatis.DailyMapper.listTotalDaily - ==> Parameters: 技术部(String), 2020-06-23(String)
2020-06-14 17:15:09.649 [http-nio-8888-exec-7] DEBUG com.daily.dao.mybatis.DailyMapper.listTotalDaily - <==      Total: 0
2020-06-14 17:15:10.959 [http-nio-8888-exec-6] DEBUG com.daily.dao.mybatis.DailyMapper.listTotalDaily - ==>  Preparing: SELECT a.id, a.name, b.user_id, b.product, b.progress, b.content, b.note FROM daily_user a LEFT JOIN daily_content b ON a.id = b.user_id AND b.delete_flag = '0' WHERE a.delete_flag = '0' AND a.is_admin = '0' AND a.department = ? AND LEFT(b.insert_dt, 10) = ? 
2020-06-14 17:15:10.961 [http-nio-8888-exec-6] DEBUG com.daily.dao.mybatis.DailyMapper.listTotalDaily - ==> Parameters: 技术部(String), 2020-06-22(String)
2020-06-14 17:15:10.962 [http-nio-8888-exec-6] DEBUG com.daily.dao.mybatis.DailyMapper.listTotalDaily - <==      Total: 0
2020-06-14 17:15:11.460 [http-nio-8888-exec-8] DEBUG com.daily.dao.mybatis.DailyMapper.listTotalDaily - ==>  Preparing: SELECT a.id, a.name, b.user_id, b.product, b.progress, b.content, b.note FROM daily_user a LEFT JOIN daily_content b ON a.id = b.user_id AND b.delete_flag = '0' WHERE a.delete_flag = '0' AND a.is_admin = '0' AND a.department = ? AND LEFT(b.insert_dt, 10) = ? 
2020-06-14 17:15:11.461 [http-nio-8888-exec-8] DEBUG com.daily.dao.mybatis.DailyMapper.listTotalDaily - ==> Parameters: 技术部(String), 2020-06-21(String)
2020-06-14 17:15:11.462 [http-nio-8888-exec-8] DEBUG com.daily.dao.mybatis.DailyMapper.listTotalDaily - <==      Total: 0
2020-06-14 17:15:11.701 [http-nio-8888-exec-5] DEBUG com.daily.dao.mybatis.DailyMapper.listTotalDaily - ==>  Preparing: SELECT a.id, a.name, b.user_id, b.product, b.progress, b.content, b.note FROM daily_user a LEFT JOIN daily_content b ON a.id = b.user_id AND b.delete_flag = '0' WHERE a.delete_flag = '0' AND a.is_admin = '0' AND a.department = ? AND LEFT(b.insert_dt, 10) = ? 
2020-06-14 17:15:11.701 [http-nio-8888-exec-5] DEBUG com.daily.dao.mybatis.DailyMapper.listTotalDaily - ==> Parameters: 技术部(String), 2020-06-20(String)
2020-06-14 17:15:11.702 [http-nio-8888-exec-5] DEBUG com.daily.dao.mybatis.DailyMapper.listTotalDaily - <==      Total: 0
2020-06-14 17:15:11.966 [http-nio-8888-exec-10] DEBUG com.daily.dao.mybatis.DailyMapper.listTotalDaily - ==>  Preparing: SELECT a.id, a.name, b.user_id, b.product, b.progress, b.content, b.note FROM daily_user a LEFT JOIN daily_content b ON a.id = b.user_id AND b.delete_flag = '0' WHERE a.delete_flag = '0' AND a.is_admin = '0' AND a.department = ? AND LEFT(b.insert_dt, 10) = ? 
2020-06-14 17:15:11.966 [http-nio-8888-exec-10] DEBUG com.daily.dao.mybatis.DailyMapper.listTotalDaily - ==> Parameters: 技术部(String), 2020-06-19(String)
2020-06-14 17:15:11.967 [http-nio-8888-exec-10] DEBUG com.daily.dao.mybatis.DailyMapper.listTotalDaily - <==      Total: 0
2020-06-14 17:15:12.229 [http-nio-8888-exec-1] DEBUG com.daily.dao.mybatis.DailyMapper.listTotalDaily - ==>  Preparing: SELECT a.id, a.name, b.user_id, b.product, b.progress, b.content, b.note FROM daily_user a LEFT JOIN daily_content b ON a.id = b.user_id AND b.delete_flag = '0' WHERE a.delete_flag = '0' AND a.is_admin = '0' AND a.department = ? AND LEFT(b.insert_dt, 10) = ? 
2020-06-14 17:15:12.230 [http-nio-8888-exec-1] DEBUG com.daily.dao.mybatis.DailyMapper.listTotalDaily - ==> Parameters: 技术部(String), 2020-06-18(String)
2020-06-14 17:15:12.231 [http-nio-8888-exec-1] DEBUG com.daily.dao.mybatis.DailyMapper.listTotalDaily - <==      Total: 0
2020-06-14 17:15:12.495 [http-nio-8888-exec-3] DEBUG com.daily.dao.mybatis.DailyMapper.listTotalDaily - ==>  Preparing: SELECT a.id, a.name, b.user_id, b.product, b.progress, b.content, b.note FROM daily_user a LEFT JOIN daily_content b ON a.id = b.user_id AND b.delete_flag = '0' WHERE a.delete_flag = '0' AND a.is_admin = '0' AND a.department = ? AND LEFT(b.insert_dt, 10) = ? 
2020-06-14 17:15:12.496 [http-nio-8888-exec-3] DEBUG com.daily.dao.mybatis.DailyMapper.listTotalDaily - ==> Parameters: 技术部(String), 2020-06-17(String)
2020-06-14 17:15:12.497 [http-nio-8888-exec-3] DEBUG com.daily.dao.mybatis.DailyMapper.listTotalDaily - <==      Total: 0
2020-06-14 17:15:12.709 [http-nio-8888-exec-2] DEBUG com.daily.dao.mybatis.DailyMapper.listTotalDaily - ==>  Preparing: SELECT a.id, a.name, b.user_id, b.product, b.progress, b.content, b.note FROM daily_user a LEFT JOIN daily_content b ON a.id = b.user_id AND b.delete_flag = '0' WHERE a.delete_flag = '0' AND a.is_admin = '0' AND a.department = ? AND LEFT(b.insert_dt, 10) = ? 
2020-06-14 17:15:12.710 [http-nio-8888-exec-2] DEBUG com.daily.dao.mybatis.DailyMapper.listTotalDaily - ==> Parameters: 技术部(String), 2020-06-16(String)
2020-06-14 17:15:12.711 [http-nio-8888-exec-2] DEBUG com.daily.dao.mybatis.DailyMapper.listTotalDaily - <==      Total: 0
2020-06-14 17:15:13.142 [http-nio-8888-exec-4] DEBUG com.daily.dao.mybatis.DailyMapper.listTotalDaily - ==>  Preparing: SELECT a.id, a.name, b.user_id, b.product, b.progress, b.content, b.note FROM daily_user a LEFT JOIN daily_content b ON a.id = b.user_id AND b.delete_flag = '0' WHERE a.delete_flag = '0' AND a.is_admin = '0' AND a.department = ? AND LEFT(b.insert_dt, 10) = ? 
2020-06-14 17:15:13.143 [http-nio-8888-exec-4] DEBUG com.daily.dao.mybatis.DailyMapper.listTotalDaily - ==> Parameters: 技术部(String), 2020-06-15(String)
2020-06-14 17:15:13.144 [http-nio-8888-exec-4] DEBUG com.daily.dao.mybatis.DailyMapper.listTotalDaily - <==      Total: 0
2020-06-14 17:15:14.347 [http-nio-8888-exec-9] DEBUG com.daily.dao.mybatis.DailyMapper.listTotalDaily - ==>  Preparing: SELECT a.id, a.name, b.user_id, b.product, b.progress, b.content, b.note FROM daily_user a LEFT JOIN daily_content b ON a.id = b.user_id AND b.delete_flag = '0' WHERE a.delete_flag = '0' AND a.is_admin = '0' AND a.department = ? AND LEFT(b.insert_dt, 10) = ? 
2020-06-14 17:15:14.348 [http-nio-8888-exec-9] DEBUG com.daily.dao.mybatis.DailyMapper.listTotalDaily - ==> Parameters: 技术部(String), 2020-06-14(String)
2020-06-14 17:15:14.350 [http-nio-8888-exec-9] DEBUG com.daily.dao.mybatis.DailyMapper.listTotalDaily - <==      Total: 7
2020-06-14 17:18:55.849 [http-nio-8888-exec-2] DEBUG com.daily.dao.mybatis.DailyMapper.listTotalDaily - ==>  Preparing: SELECT a.id, a.name, b.user_id, b.product, b.progress, b.content, b.note FROM daily_user a LEFT JOIN daily_content b ON a.id = b.user_id AND b.delete_flag = '0' WHERE a.delete_flag = '0' AND a.is_admin = '0' AND a.department = ? AND LEFT(b.insert_dt, 10) = ? 
2020-06-14 17:18:55.850 [http-nio-8888-exec-2] DEBUG com.daily.dao.mybatis.DailyMapper.listTotalDaily - ==> Parameters: 技术部(String), 2020-06-14(String)
2020-06-14 17:18:55.857 [http-nio-8888-exec-2] DEBUG com.daily.dao.mybatis.DailyMapper.listTotalDaily - <==      Total: 7
2020-06-14 17:18:59.034 [http-nio-8888-exec-4] DEBUG com.daily.dao.mybatis.DailyMapper.listTotalDaily - ==>  Preparing: SELECT a.id, a.name, b.user_id, b.product, b.progress, b.content, b.note FROM daily_user a LEFT JOIN daily_content b ON a.id = b.user_id AND b.delete_flag = '0' WHERE a.delete_flag = '0' AND a.is_admin = '0' AND a.department = ? AND LEFT(b.insert_dt, 10) = ? 
2020-06-14 17:18:59.035 [http-nio-8888-exec-4] DEBUG com.daily.dao.mybatis.DailyMapper.listTotalDaily - ==> Parameters: 技术部(String), 2020-06-13(String)
2020-06-14 17:18:59.036 [http-nio-8888-exec-4] DEBUG com.daily.dao.mybatis.DailyMapper.listTotalDaily - <==      Total: 0
2020-06-14 17:18:59.522 [http-nio-8888-exec-9] DEBUG com.daily.dao.mybatis.DailyMapper.listTotalDaily - ==>  Preparing: SELECT a.id, a.name, b.user_id, b.product, b.progress, b.content, b.note FROM daily_user a LEFT JOIN daily_content b ON a.id = b.user_id AND b.delete_flag = '0' WHERE a.delete_flag = '0' AND a.is_admin = '0' AND a.department = ? AND LEFT(b.insert_dt, 10) = ? 
2020-06-14 17:18:59.523 [http-nio-8888-exec-9] DEBUG com.daily.dao.mybatis.DailyMapper.listTotalDaily - ==> Parameters: 技术部(String), 2020-06-12(String)
2020-06-14 17:18:59.524 [http-nio-8888-exec-9] DEBUG com.daily.dao.mybatis.DailyMapper.listTotalDaily - <==      Total: 0
2020-06-14 17:18:59.971 [http-nio-8888-exec-6] DEBUG com.daily.dao.mybatis.DailyMapper.listTotalDaily - ==>  Preparing: SELECT a.id, a.name, b.user_id, b.product, b.progress, b.content, b.note FROM daily_user a LEFT JOIN daily_content b ON a.id = b.user_id AND b.delete_flag = '0' WHERE a.delete_flag = '0' AND a.is_admin = '0' AND a.department = ? AND LEFT(b.insert_dt, 10) = ? 
2020-06-14 17:18:59.971 [http-nio-8888-exec-6] DEBUG com.daily.dao.mybatis.DailyMapper.listTotalDaily - ==> Parameters: 技术部(String), 2020-06-11(String)
2020-06-14 17:18:59.973 [http-nio-8888-exec-6] DEBUG com.daily.dao.mybatis.DailyMapper.listTotalDaily - <==      Total: 0
2020-06-14 17:19:00.153 [http-nio-8888-exec-7] DEBUG com.daily.dao.mybatis.DailyMapper.listTotalDaily - ==>  Preparing: SELECT a.id, a.name, b.user_id, b.product, b.progress, b.content, b.note FROM daily_user a LEFT JOIN daily_content b ON a.id = b.user_id AND b.delete_flag = '0' WHERE a.delete_flag = '0' AND a.is_admin = '0' AND a.department = ? AND LEFT(b.insert_dt, 10) = ? 
2020-06-14 17:19:00.154 [http-nio-8888-exec-7] DEBUG com.daily.dao.mybatis.DailyMapper.listTotalDaily - ==> Parameters: 技术部(String), 2020-06-10(String)
2020-06-14 17:19:00.154 [http-nio-8888-exec-7] DEBUG com.daily.dao.mybatis.DailyMapper.listTotalDaily - <==      Total: 0
2020-06-14 17:19:00.313 [http-nio-8888-exec-5] DEBUG com.daily.dao.mybatis.DailyMapper.listTotalDaily - ==>  Preparing: SELECT a.id, a.name, b.user_id, b.product, b.progress, b.content, b.note FROM daily_user a LEFT JOIN daily_content b ON a.id = b.user_id AND b.delete_flag = '0' WHERE a.delete_flag = '0' AND a.is_admin = '0' AND a.department = ? AND LEFT(b.insert_dt, 10) = ? 
2020-06-14 17:19:00.314 [http-nio-8888-exec-5] DEBUG com.daily.dao.mybatis.DailyMapper.listTotalDaily - ==> Parameters: 技术部(String), 2020-06-09(String)
2020-06-14 17:19:00.315 [http-nio-8888-exec-5] DEBUG com.daily.dao.mybatis.DailyMapper.listTotalDaily - <==      Total: 0
2020-06-14 17:19:00.488 [http-nio-8888-exec-3] DEBUG com.daily.dao.mybatis.DailyMapper.listTotalDaily - ==>  Preparing: SELECT a.id, a.name, b.user_id, b.product, b.progress, b.content, b.note FROM daily_user a LEFT JOIN daily_content b ON a.id = b.user_id AND b.delete_flag = '0' WHERE a.delete_flag = '0' AND a.is_admin = '0' AND a.department = ? AND LEFT(b.insert_dt, 10) = ? 
2020-06-14 17:19:00.489 [http-nio-8888-exec-3] DEBUG com.daily.dao.mybatis.DailyMapper.listTotalDaily - ==> Parameters: 技术部(String), 2020-06-08(String)
2020-06-14 17:19:00.490 [http-nio-8888-exec-3] DEBUG com.daily.dao.mybatis.DailyMapper.listTotalDaily - <==      Total: 0
2020-06-14 17:19:00.658 [http-nio-8888-exec-1] DEBUG com.daily.dao.mybatis.DailyMapper.listTotalDaily - ==>  Preparing: SELECT a.id, a.name, b.user_id, b.product, b.progress, b.content, b.note FROM daily_user a LEFT JOIN daily_content b ON a.id = b.user_id AND b.delete_flag = '0' WHERE a.delete_flag = '0' AND a.is_admin = '0' AND a.department = ? AND LEFT(b.insert_dt, 10) = ? 
2020-06-14 17:19:00.658 [http-nio-8888-exec-1] DEBUG com.daily.dao.mybatis.DailyMapper.listTotalDaily - ==> Parameters: 技术部(String), 2020-06-07(String)
2020-06-14 17:19:00.660 [http-nio-8888-exec-1] DEBUG com.daily.dao.mybatis.DailyMapper.listTotalDaily - <==      Total: 2
2020-06-14 17:19:00.869 [http-nio-8888-exec-9] DEBUG com.daily.dao.mybatis.DailyMapper.listTotalDaily - ==>  Preparing: SELECT a.id, a.name, b.user_id, b.product, b.progress, b.content, b.note FROM daily_user a LEFT JOIN daily_content b ON a.id = b.user_id AND b.delete_flag = '0' WHERE a.delete_flag = '0' AND a.is_admin = '0' AND a.department = ? AND LEFT(b.insert_dt, 10) = ? 
2020-06-14 17:19:00.869 [http-nio-8888-exec-9] DEBUG com.daily.dao.mybatis.DailyMapper.listTotalDaily - ==> Parameters: 技术部(String), 2020-06-06(String)
2020-06-14 17:19:00.870 [http-nio-8888-exec-9] DEBUG com.daily.dao.mybatis.DailyMapper.listTotalDaily - <==      Total: 0
2020-06-14 17:19:01.101 [http-nio-8888-exec-7] DEBUG com.daily.dao.mybatis.DailyMapper.listTotalDaily - ==>  Preparing: SELECT a.id, a.name, b.user_id, b.product, b.progress, b.content, b.note FROM daily_user a LEFT JOIN daily_content b ON a.id = b.user_id AND b.delete_flag = '0' WHERE a.delete_flag = '0' AND a.is_admin = '0' AND a.department = ? AND LEFT(b.insert_dt, 10) = ? 
2020-06-14 17:19:01.102 [http-nio-8888-exec-7] DEBUG com.daily.dao.mybatis.DailyMapper.listTotalDaily - ==> Parameters: 技术部(String), 2020-06-05(String)
2020-06-14 17:19:01.102 [http-nio-8888-exec-7] DEBUG com.daily.dao.mybatis.DailyMapper.listTotalDaily - <==      Total: 0
2020-06-14 17:19:01.400 [http-nio-8888-exec-5] DEBUG com.daily.dao.mybatis.DailyMapper.listTotalDaily - ==>  Preparing: SELECT a.id, a.name, b.user_id, b.product, b.progress, b.content, b.note FROM daily_user a LEFT JOIN daily_content b ON a.id = b.user_id AND b.delete_flag = '0' WHERE a.delete_flag = '0' AND a.is_admin = '0' AND a.department = ? AND LEFT(b.insert_dt, 10) = ? 
2020-06-14 17:19:01.401 [http-nio-8888-exec-5] DEBUG com.daily.dao.mybatis.DailyMapper.listTotalDaily - ==> Parameters: 技术部(String), 2020-06-04(String)
2020-06-14 17:19:01.402 [http-nio-8888-exec-5] DEBUG com.daily.dao.mybatis.DailyMapper.listTotalDaily - <==      Total: 0
2020-06-14 17:19:01.589 [http-nio-8888-exec-3] DEBUG com.daily.dao.mybatis.DailyMapper.listTotalDaily - ==>  Preparing: SELECT a.id, a.name, b.user_id, b.product, b.progress, b.content, b.note FROM daily_user a LEFT JOIN daily_content b ON a.id = b.user_id AND b.delete_flag = '0' WHERE a.delete_flag = '0' AND a.is_admin = '0' AND a.department = ? AND LEFT(b.insert_dt, 10) = ? 
2020-06-14 17:19:01.589 [http-nio-8888-exec-3] DEBUG com.daily.dao.mybatis.DailyMapper.listTotalDaily - ==> Parameters: 技术部(String), 2020-06-03(String)
2020-06-14 17:19:01.591 [http-nio-8888-exec-3] DEBUG com.daily.dao.mybatis.DailyMapper.listTotalDaily - <==      Total: 0
2020-06-14 17:19:01.763 [http-nio-8888-exec-1] DEBUG com.daily.dao.mybatis.DailyMapper.listTotalDaily - ==>  Preparing: SELECT a.id, a.name, b.user_id, b.product, b.progress, b.content, b.note FROM daily_user a LEFT JOIN daily_content b ON a.id = b.user_id AND b.delete_flag = '0' WHERE a.delete_flag = '0' AND a.is_admin = '0' AND a.department = ? AND LEFT(b.insert_dt, 10) = ? 
2020-06-14 17:19:01.763 [http-nio-8888-exec-1] DEBUG com.daily.dao.mybatis.DailyMapper.listTotalDaily - ==> Parameters: 技术部(String), 2020-06-02(String)
2020-06-14 17:19:01.764 [http-nio-8888-exec-1] DEBUG com.daily.dao.mybatis.DailyMapper.listTotalDaily - <==      Total: 0
2020-06-14 17:19:01.937 [http-nio-8888-exec-9] DEBUG com.daily.dao.mybatis.DailyMapper.listTotalDaily - ==>  Preparing: SELECT a.id, a.name, b.user_id, b.product, b.progress, b.content, b.note FROM daily_user a LEFT JOIN daily_content b ON a.id = b.user_id AND b.delete_flag = '0' WHERE a.delete_flag = '0' AND a.is_admin = '0' AND a.department = ? AND LEFT(b.insert_dt, 10) = ? 
2020-06-14 17:19:01.938 [http-nio-8888-exec-9] DEBUG com.daily.dao.mybatis.DailyMapper.listTotalDaily - ==> Parameters: 技术部(String), 2020-06-01(String)
2020-06-14 17:19:01.939 [http-nio-8888-exec-9] DEBUG com.daily.dao.mybatis.DailyMapper.listTotalDaily - <==      Total: 0
2020-06-14 17:19:02.120 [http-nio-8888-exec-7] DEBUG com.daily.dao.mybatis.DailyMapper.listTotalDaily - ==>  Preparing: SELECT a.id, a.name, b.user_id, b.product, b.progress, b.content, b.note FROM daily_user a LEFT JOIN daily_content b ON a.id = b.user_id AND b.delete_flag = '0' WHERE a.delete_flag = '0' AND a.is_admin = '0' AND a.department = ? AND LEFT(b.insert_dt, 10) = ? 
2020-06-14 17:19:02.120 [http-nio-8888-exec-7] DEBUG com.daily.dao.mybatis.DailyMapper.listTotalDaily - ==> Parameters: 技术部(String), 2020-05-31(String)
2020-06-14 17:19:02.121 [http-nio-8888-exec-7] DEBUG com.daily.dao.mybatis.DailyMapper.listTotalDaily - <==      Total: 0
2020-06-14 17:19:02.306 [http-nio-8888-exec-5] DEBUG com.daily.dao.mybatis.DailyMapper.listTotalDaily - ==>  Preparing: SELECT a.id, a.name, b.user_id, b.product, b.progress, b.content, b.note FROM daily_user a LEFT JOIN daily_content b ON a.id = b.user_id AND b.delete_flag = '0' WHERE a.delete_flag = '0' AND a.is_admin = '0' AND a.department = ? AND LEFT(b.insert_dt, 10) = ? 
2020-06-14 17:19:02.306 [http-nio-8888-exec-5] DEBUG com.daily.dao.mybatis.DailyMapper.listTotalDaily - ==> Parameters: 技术部(String), 2020-05-30(String)
2020-06-14 17:19:02.308 [http-nio-8888-exec-5] DEBUG com.daily.dao.mybatis.DailyMapper.listTotalDaily - <==      Total: 0
2020-06-14 17:19:03.151 [http-nio-8888-exec-3] DEBUG com.daily.dao.mybatis.DailyMapper.listTotalDaily - ==>  Preparing: SELECT a.id, a.name, b.user_id, b.product, b.progress, b.content, b.note FROM daily_user a LEFT JOIN daily_content b ON a.id = b.user_id AND b.delete_flag = '0' WHERE a.delete_flag = '0' AND a.is_admin = '0' AND a.department = ? AND LEFT(b.insert_dt, 10) = ? 
2020-06-14 17:19:03.151 [http-nio-8888-exec-3] DEBUG com.daily.dao.mybatis.DailyMapper.listTotalDaily - ==> Parameters: 技术部(String), 2020-05-29(String)
2020-06-14 17:19:03.153 [http-nio-8888-exec-3] DEBUG com.daily.dao.mybatis.DailyMapper.listTotalDaily - <==      Total: 0
2020-06-14 17:19:03.412 [http-nio-8888-exec-1] DEBUG com.daily.dao.mybatis.DailyMapper.listTotalDaily - ==>  Preparing: SELECT a.id, a.name, b.user_id, b.product, b.progress, b.content, b.note FROM daily_user a LEFT JOIN daily_content b ON a.id = b.user_id AND b.delete_flag = '0' WHERE a.delete_flag = '0' AND a.is_admin = '0' AND a.department = ? AND LEFT(b.insert_dt, 10) = ? 
2020-06-14 17:19:03.412 [http-nio-8888-exec-1] DEBUG com.daily.dao.mybatis.DailyMapper.listTotalDaily - ==> Parameters: 技术部(String), 2020-05-28(String)
2020-06-14 17:19:03.413 [http-nio-8888-exec-1] DEBUG com.daily.dao.mybatis.DailyMapper.listTotalDaily - <==      Total: 0
2020-06-14 17:19:03.611 [http-nio-8888-exec-9] DEBUG com.daily.dao.mybatis.DailyMapper.listTotalDaily - ==>  Preparing: SELECT a.id, a.name, b.user_id, b.product, b.progress, b.content, b.note FROM daily_user a LEFT JOIN daily_content b ON a.id = b.user_id AND b.delete_flag = '0' WHERE a.delete_flag = '0' AND a.is_admin = '0' AND a.department = ? AND LEFT(b.insert_dt, 10) = ? 
2020-06-14 17:19:03.612 [http-nio-8888-exec-9] DEBUG com.daily.dao.mybatis.DailyMapper.listTotalDaily - ==> Parameters: 技术部(String), 2020-05-27(String)
2020-06-14 17:19:03.613 [http-nio-8888-exec-9] DEBUG com.daily.dao.mybatis.DailyMapper.listTotalDaily - <==      Total: 0
2020-06-14 17:19:03.791 [http-nio-8888-exec-7] DEBUG com.daily.dao.mybatis.DailyMapper.listTotalDaily - ==>  Preparing: SELECT a.id, a.name, b.user_id, b.product, b.progress, b.content, b.note FROM daily_user a LEFT JOIN daily_content b ON a.id = b.user_id AND b.delete_flag = '0' WHERE a.delete_flag = '0' AND a.is_admin = '0' AND a.department = ? AND LEFT(b.insert_dt, 10) = ? 
2020-06-14 17:19:03.791 [http-nio-8888-exec-7] DEBUG com.daily.dao.mybatis.DailyMapper.listTotalDaily - ==> Parameters: 技术部(String), 2020-05-26(String)
2020-06-14 17:19:03.792 [http-nio-8888-exec-7] DEBUG com.daily.dao.mybatis.DailyMapper.listTotalDaily - <==      Total: 0
2020-06-14 17:19:05.455 [http-nio-8888-exec-8] DEBUG com.daily.dao.mybatis.DailyMapper.listTotalDaily - ==>  Preparing: SELECT a.id, a.name, b.user_id, b.product, b.progress, b.content, b.note FROM daily_user a LEFT JOIN daily_content b ON a.id = b.user_id AND b.delete_flag = '0' WHERE a.delete_flag = '0' AND a.is_admin = '0' AND a.department = ? AND LEFT(b.insert_dt, 10) = ? 
2020-06-14 17:19:05.455 [http-nio-8888-exec-8] DEBUG com.daily.dao.mybatis.DailyMapper.listTotalDaily - ==> Parameters: 技术部(String), 2020-05-27(String)
2020-06-14 17:19:05.456 [http-nio-8888-exec-8] DEBUG com.daily.dao.mybatis.DailyMapper.listTotalDaily - <==      Total: 0
2020-06-14 17:19:05.624 [http-nio-8888-exec-5] DEBUG com.daily.dao.mybatis.DailyMapper.listTotalDaily - ==>  Preparing: SELECT a.id, a.name, b.user_id, b.product, b.progress, b.content, b.note FROM daily_user a LEFT JOIN daily_content b ON a.id = b.user_id AND b.delete_flag = '0' WHERE a.delete_flag = '0' AND a.is_admin = '0' AND a.department = ? AND LEFT(b.insert_dt, 10) = ? 
2020-06-14 17:19:05.624 [http-nio-8888-exec-5] DEBUG com.daily.dao.mybatis.DailyMapper.listTotalDaily - ==> Parameters: 技术部(String), 2020-05-28(String)
2020-06-14 17:19:05.626 [http-nio-8888-exec-5] DEBUG com.daily.dao.mybatis.DailyMapper.listTotalDaily - <==      Total: 0
2020-06-14 17:19:05.796 [http-nio-8888-exec-10] DEBUG com.daily.dao.mybatis.DailyMapper.listTotalDaily - ==>  Preparing: SELECT a.id, a.name, b.user_id, b.product, b.progress, b.content, b.note FROM daily_user a LEFT JOIN daily_content b ON a.id = b.user_id AND b.delete_flag = '0' WHERE a.delete_flag = '0' AND a.is_admin = '0' AND a.department = ? AND LEFT(b.insert_dt, 10) = ? 
2020-06-14 17:19:05.797 [http-nio-8888-exec-10] DEBUG com.daily.dao.mybatis.DailyMapper.listTotalDaily - ==> Parameters: 技术部(String), 2020-05-29(String)
2020-06-14 17:19:05.797 [http-nio-8888-exec-10] DEBUG com.daily.dao.mybatis.DailyMapper.listTotalDaily - <==      Total: 0
2020-06-14 17:19:05.967 [http-nio-8888-exec-3] DEBUG com.daily.dao.mybatis.DailyMapper.listTotalDaily - ==>  Preparing: SELECT a.id, a.name, b.user_id, b.product, b.progress, b.content, b.note FROM daily_user a LEFT JOIN daily_content b ON a.id = b.user_id AND b.delete_flag = '0' WHERE a.delete_flag = '0' AND a.is_admin = '0' AND a.department = ? AND LEFT(b.insert_dt, 10) = ? 
2020-06-14 17:19:05.967 [http-nio-8888-exec-3] DEBUG com.daily.dao.mybatis.DailyMapper.listTotalDaily - ==> Parameters: 技术部(String), 2020-05-30(String)
2020-06-14 17:19:05.969 [http-nio-8888-exec-3] DEBUG com.daily.dao.mybatis.DailyMapper.listTotalDaily - <==      Total: 0
2020-06-14 17:19:06.303 [http-nio-8888-exec-2] DEBUG com.daily.dao.mybatis.DailyMapper.listTotalDaily - ==>  Preparing: SELECT a.id, a.name, b.user_id, b.product, b.progress, b.content, b.note FROM daily_user a LEFT JOIN daily_content b ON a.id = b.user_id AND b.delete_flag = '0' WHERE a.delete_flag = '0' AND a.is_admin = '0' AND a.department = ? AND LEFT(b.insert_dt, 10) = ? 
2020-06-14 17:19:06.304 [http-nio-8888-exec-2] DEBUG com.daily.dao.mybatis.DailyMapper.listTotalDaily - ==> Parameters: 技术部(String), 2020-05-31(String)
2020-06-14 17:19:06.304 [http-nio-8888-exec-2] DEBUG com.daily.dao.mybatis.DailyMapper.listTotalDaily - <==      Total: 0
2020-06-14 17:19:06.685 [http-nio-8888-exec-1] DEBUG com.daily.dao.mybatis.DailyMapper.listTotalDaily - ==>  Preparing: SELECT a.id, a.name, b.user_id, b.product, b.progress, b.content, b.note FROM daily_user a LEFT JOIN daily_content b ON a.id = b.user_id AND b.delete_flag = '0' WHERE a.delete_flag = '0' AND a.is_admin = '0' AND a.department = ? AND LEFT(b.insert_dt, 10) = ? 
2020-06-14 17:19:06.686 [http-nio-8888-exec-1] DEBUG com.daily.dao.mybatis.DailyMapper.listTotalDaily - ==> Parameters: 技术部(String), 2020-06-01(String)
2020-06-14 17:19:06.686 [http-nio-8888-exec-1] DEBUG com.daily.dao.mybatis.DailyMapper.listTotalDaily - <==      Total: 0
2020-06-14 17:19:07.305 [http-nio-8888-exec-4] DEBUG com.daily.dao.mybatis.DailyMapper.listTotalDaily - ==>  Preparing: SELECT a.id, a.name, b.user_id, b.product, b.progress, b.content, b.note FROM daily_user a LEFT JOIN daily_content b ON a.id = b.user_id AND b.delete_flag = '0' WHERE a.delete_flag = '0' AND a.is_admin = '0' AND a.department = ? AND LEFT(b.insert_dt, 10) = ? 
2020-06-14 17:19:07.306 [http-nio-8888-exec-4] DEBUG com.daily.dao.mybatis.DailyMapper.listTotalDaily - ==> Parameters: 技术部(String), 2020-06-02(String)
2020-06-14 17:19:07.307 [http-nio-8888-exec-4] DEBUG com.daily.dao.mybatis.DailyMapper.listTotalDaily - <==      Total: 0
2020-06-14 17:19:07.494 [http-nio-8888-exec-9] DEBUG com.daily.dao.mybatis.DailyMapper.listTotalDaily - ==>  Preparing: SELECT a.id, a.name, b.user_id, b.product, b.progress, b.content, b.note FROM daily_user a LEFT JOIN daily_content b ON a.id = b.user_id AND b.delete_flag = '0' WHERE a.delete_flag = '0' AND a.is_admin = '0' AND a.department = ? AND LEFT(b.insert_dt, 10) = ? 
2020-06-14 17:19:07.494 [http-nio-8888-exec-9] DEBUG com.daily.dao.mybatis.DailyMapper.listTotalDaily - ==> Parameters: 技术部(String), 2020-06-03(String)
2020-06-14 17:19:07.496 [http-nio-8888-exec-9] DEBUG com.daily.dao.mybatis.DailyMapper.listTotalDaily - <==      Total: 0
2020-06-14 17:19:07.796 [http-nio-8888-exec-6] DEBUG com.daily.dao.mybatis.DailyMapper.listTotalDaily - ==>  Preparing: SELECT a.id, a.name, b.user_id, b.product, b.progress, b.content, b.note FROM daily_user a LEFT JOIN daily_content b ON a.id = b.user_id AND b.delete_flag = '0' WHERE a.delete_flag = '0' AND a.is_admin = '0' AND a.department = ? AND LEFT(b.insert_dt, 10) = ? 
2020-06-14 17:19:07.796 [http-nio-8888-exec-6] DEBUG com.daily.dao.mybatis.DailyMapper.listTotalDaily - ==> Parameters: 技术部(String), 2020-06-04(String)
2020-06-14 17:19:07.797 [http-nio-8888-exec-6] DEBUG com.daily.dao.mybatis.DailyMapper.listTotalDaily - <==      Total: 0
2020-06-14 17:19:08.058 [http-nio-8888-exec-7] DEBUG com.daily.dao.mybatis.DailyMapper.listTotalDaily - ==>  Preparing: SELECT a.id, a.name, b.user_id, b.product, b.progress, b.content, b.note FROM daily_user a LEFT JOIN daily_content b ON a.id = b.user_id AND b.delete_flag = '0' WHERE a.delete_flag = '0' AND a.is_admin = '0' AND a.department = ? AND LEFT(b.insert_dt, 10) = ? 
2020-06-14 17:19:08.059 [http-nio-8888-exec-7] DEBUG com.daily.dao.mybatis.DailyMapper.listTotalDaily - ==> Parameters: 技术部(String), 2020-06-05(String)
2020-06-14 17:19:08.059 [http-nio-8888-exec-7] DEBUG com.daily.dao.mybatis.DailyMapper.listTotalDaily - <==      Total: 0
2020-06-14 17:19:08.252 [http-nio-8888-exec-8] DEBUG com.daily.dao.mybatis.DailyMapper.listTotalDaily - ==>  Preparing: SELECT a.id, a.name, b.user_id, b.product, b.progress, b.content, b.note FROM daily_user a LEFT JOIN daily_content b ON a.id = b.user_id AND b.delete_flag = '0' WHERE a.delete_flag = '0' AND a.is_admin = '0' AND a.department = ? AND LEFT(b.insert_dt, 10) = ? 
2020-06-14 17:19:08.253 [http-nio-8888-exec-8] DEBUG com.daily.dao.mybatis.DailyMapper.listTotalDaily - ==> Parameters: 技术部(String), 2020-06-06(String)
2020-06-14 17:19:08.253 [http-nio-8888-exec-8] DEBUG com.daily.dao.mybatis.DailyMapper.listTotalDaily - <==      Total: 0
2020-06-14 17:19:08.448 [http-nio-8888-exec-5] DEBUG com.daily.dao.mybatis.DailyMapper.listTotalDaily - ==>  Preparing: SELECT a.id, a.name, b.user_id, b.product, b.progress, b.content, b.note FROM daily_user a LEFT JOIN daily_content b ON a.id = b.user_id AND b.delete_flag = '0' WHERE a.delete_flag = '0' AND a.is_admin = '0' AND a.department = ? AND LEFT(b.insert_dt, 10) = ? 
2020-06-14 17:19:08.448 [http-nio-8888-exec-5] DEBUG com.daily.dao.mybatis.DailyMapper.listTotalDaily - ==> Parameters: 技术部(String), 2020-06-07(String)
2020-06-14 17:19:08.451 [http-nio-8888-exec-5] DEBUG com.daily.dao.mybatis.DailyMapper.listTotalDaily - <==      Total: 2
2020-06-14 17:19:08.635 [http-nio-8888-exec-10] DEBUG com.daily.dao.mybatis.DailyMapper.listTotalDaily - ==>  Preparing: SELECT a.id, a.name, b.user_id, b.product, b.progress, b.content, b.note FROM daily_user a LEFT JOIN daily_content b ON a.id = b.user_id AND b.delete_flag = '0' WHERE a.delete_flag = '0' AND a.is_admin = '0' AND a.department = ? AND LEFT(b.insert_dt, 10) = ? 
2020-06-14 17:19:08.636 [http-nio-8888-exec-10] DEBUG com.daily.dao.mybatis.DailyMapper.listTotalDaily - ==> Parameters: 技术部(String), 2020-06-08(String)
2020-06-14 17:19:08.637 [http-nio-8888-exec-10] DEBUG com.daily.dao.mybatis.DailyMapper.listTotalDaily - <==      Total: 0
2020-06-14 17:19:08.822 [http-nio-8888-exec-3] DEBUG com.daily.dao.mybatis.DailyMapper.listTotalDaily - ==>  Preparing: SELECT a.id, a.name, b.user_id, b.product, b.progress, b.content, b.note FROM daily_user a LEFT JOIN daily_content b ON a.id = b.user_id AND b.delete_flag = '0' WHERE a.delete_flag = '0' AND a.is_admin = '0' AND a.department = ? AND LEFT(b.insert_dt, 10) = ? 
2020-06-14 17:19:08.823 [http-nio-8888-exec-3] DEBUG com.daily.dao.mybatis.DailyMapper.listTotalDaily - ==> Parameters: 技术部(String), 2020-06-09(String)
2020-06-14 17:19:08.823 [http-nio-8888-exec-3] DEBUG com.daily.dao.mybatis.DailyMapper.listTotalDaily - <==      Total: 0
2020-06-14 17:19:08.996 [http-nio-8888-exec-2] DEBUG com.daily.dao.mybatis.DailyMapper.listTotalDaily - ==>  Preparing: SELECT a.id, a.name, b.user_id, b.product, b.progress, b.content, b.note FROM daily_user a LEFT JOIN daily_content b ON a.id = b.user_id AND b.delete_flag = '0' WHERE a.delete_flag = '0' AND a.is_admin = '0' AND a.department = ? AND LEFT(b.insert_dt, 10) = ? 
2020-06-14 17:19:08.997 [http-nio-8888-exec-2] DEBUG com.daily.dao.mybatis.DailyMapper.listTotalDaily - ==> Parameters: 技术部(String), 2020-06-10(String)
2020-06-14 17:19:08.998 [http-nio-8888-exec-2] DEBUG com.daily.dao.mybatis.DailyMapper.listTotalDaily - <==      Total: 0
2020-06-14 17:19:09.184 [http-nio-8888-exec-1] DEBUG com.daily.dao.mybatis.DailyMapper.listTotalDaily - ==>  Preparing: SELECT a.id, a.name, b.user_id, b.product, b.progress, b.content, b.note FROM daily_user a LEFT JOIN daily_content b ON a.id = b.user_id AND b.delete_flag = '0' WHERE a.delete_flag = '0' AND a.is_admin = '0' AND a.department = ? AND LEFT(b.insert_dt, 10) = ? 
2020-06-14 17:19:09.185 [http-nio-8888-exec-1] DEBUG com.daily.dao.mybatis.DailyMapper.listTotalDaily - ==> Parameters: 技术部(String), 2020-06-11(String)
2020-06-14 17:19:09.186 [http-nio-8888-exec-1] DEBUG com.daily.dao.mybatis.DailyMapper.listTotalDaily - <==      Total: 0
2020-06-14 17:19:09.411 [http-nio-8888-exec-4] DEBUG com.daily.dao.mybatis.DailyMapper.listTotalDaily - ==>  Preparing: SELECT a.id, a.name, b.user_id, b.product, b.progress, b.content, b.note FROM daily_user a LEFT JOIN daily_content b ON a.id = b.user_id AND b.delete_flag = '0' WHERE a.delete_flag = '0' AND a.is_admin = '0' AND a.department = ? AND LEFT(b.insert_dt, 10) = ? 
2020-06-14 17:19:09.411 [http-nio-8888-exec-4] DEBUG com.daily.dao.mybatis.DailyMapper.listTotalDaily - ==> Parameters: 技术部(String), 2020-06-12(String)
2020-06-14 17:19:09.412 [http-nio-8888-exec-4] DEBUG com.daily.dao.mybatis.DailyMapper.listTotalDaily - <==      Total: 0
2020-06-14 17:19:09.622 [http-nio-8888-exec-9] DEBUG com.daily.dao.mybatis.DailyMapper.listTotalDaily - ==>  Preparing: SELECT a.id, a.name, b.user_id, b.product, b.progress, b.content, b.note FROM daily_user a LEFT JOIN daily_content b ON a.id = b.user_id AND b.delete_flag = '0' WHERE a.delete_flag = '0' AND a.is_admin = '0' AND a.department = ? AND LEFT(b.insert_dt, 10) = ? 
2020-06-14 17:19:09.622 [http-nio-8888-exec-9] DEBUG com.daily.dao.mybatis.DailyMapper.listTotalDaily - ==> Parameters: 技术部(String), 2020-06-13(String)
2020-06-14 17:19:09.623 [http-nio-8888-exec-9] DEBUG com.daily.dao.mybatis.DailyMapper.listTotalDaily - <==      Total: 0
2020-06-14 17:19:09.812 [http-nio-8888-exec-6] DEBUG com.daily.dao.mybatis.DailyMapper.listTotalDaily - ==>  Preparing: SELECT a.id, a.name, b.user_id, b.product, b.progress, b.content, b.note FROM daily_user a LEFT JOIN daily_content b ON a.id = b.user_id AND b.delete_flag = '0' WHERE a.delete_flag = '0' AND a.is_admin = '0' AND a.department = ? AND LEFT(b.insert_dt, 10) = ? 
2020-06-14 17:19:09.813 [http-nio-8888-exec-6] DEBUG com.daily.dao.mybatis.DailyMapper.listTotalDaily - ==> Parameters: 技术部(String), 2020-06-14(String)
2020-06-14 17:19:09.816 [http-nio-8888-exec-6] DEBUG com.daily.dao.mybatis.DailyMapper.listTotalDaily - <==      Total: 7
2020-06-14 17:19:10.010 [http-nio-8888-exec-7] DEBUG com.daily.dao.mybatis.DailyMapper.listTotalDaily - ==>  Preparing: SELECT a.id, a.name, b.user_id, b.product, b.progress, b.content, b.note FROM daily_user a LEFT JOIN daily_content b ON a.id = b.user_id AND b.delete_flag = '0' WHERE a.delete_flag = '0' AND a.is_admin = '0' AND a.department = ? AND LEFT(b.insert_dt, 10) = ? 
2020-06-14 17:19:10.010 [http-nio-8888-exec-7] DEBUG com.daily.dao.mybatis.DailyMapper.listTotalDaily - ==> Parameters: 技术部(String), 2020-06-15(String)
2020-06-14 17:19:10.012 [http-nio-8888-exec-7] DEBUG com.daily.dao.mybatis.DailyMapper.listTotalDaily - <==      Total: 0
2020-06-14 17:19:24.655 [http-nio-8888-exec-3] DEBUG com.daily.dao.mybatis.DailyMapper.listTotalDaily - ==>  Preparing: SELECT a.id, a.name, b.user_id, b.product, b.progress, b.content, b.note FROM daily_user a LEFT JOIN daily_content b ON a.id = b.user_id AND b.delete_flag = '0' WHERE a.delete_flag = '0' AND a.is_admin = '0' AND a.department = ? AND LEFT(b.insert_dt, 10) = ? 
2020-06-14 17:19:24.659 [http-nio-8888-exec-3] DEBUG com.daily.dao.mybatis.DailyMapper.listTotalDaily - ==> Parameters: 技术部(String), 2020-06-14(String)
2020-06-14 17:19:24.661 [http-nio-8888-exec-3] DEBUG com.daily.dao.mybatis.DailyMapper.listTotalDaily - <==      Total: 7
2020-06-14 17:19:28.553 [http-nio-8888-exec-2] DEBUG com.daily.dao.mybatis.DailyMapper.listTotalDaily - ==>  Preparing: SELECT a.id, a.name, b.user_id, b.product, b.progress, b.content, b.note FROM daily_user a LEFT JOIN daily_content b ON a.id = b.user_id AND b.delete_flag = '0' WHERE a.delete_flag = '0' AND a.is_admin = '0' AND a.department = ? AND LEFT(b.insert_dt, 10) = ? 
2020-06-14 17:19:28.554 [http-nio-8888-exec-2] DEBUG com.daily.dao.mybatis.DailyMapper.listTotalDaily - ==> Parameters: 技术部(String), 2020-06-15(String)
2020-06-14 17:19:28.555 [http-nio-8888-exec-2] DEBUG com.daily.dao.mybatis.DailyMapper.listTotalDaily - <==      Total: 0
2020-06-14 17:23:18.237 [http-nio-8888-exec-5] DEBUG com.daily.dao.mybatis.DailyMapper.listTotalDaily - ==>  Preparing: SELECT a.id, a.name, b.user_id, b.product, b.progress, b.content, b.note FROM daily_user a LEFT JOIN daily_content b ON a.id = b.user_id AND b.delete_flag = '0' WHERE a.delete_flag = '0' AND a.is_admin = '0' AND a.department = ? AND LEFT(b.insert_dt, 10) = ? 
2020-06-14 17:23:18.238 [http-nio-8888-exec-5] DEBUG com.daily.dao.mybatis.DailyMapper.listTotalDaily - ==> Parameters: 技术部(String), 2020-06-14(String)
2020-06-14 17:23:18.242 [http-nio-8888-exec-5] DEBUG com.daily.dao.mybatis.DailyMapper.listTotalDaily - <==      Total: 7
2020-06-14 17:23:25.285 [http-nio-8888-exec-10] DEBUG com.daily.dao.mybatis.DailyMapper.listTotalDaily - ==>  Preparing: SELECT a.id, a.name, b.user_id, b.product, b.progress, b.content, b.note FROM daily_user a LEFT JOIN daily_content b ON a.id = b.user_id AND b.delete_flag = '0' WHERE a.delete_flag = '0' AND a.is_admin = '0' AND a.department = ? AND LEFT(b.insert_dt, 10) = ? 
2020-06-14 17:23:25.286 [http-nio-8888-exec-10] DEBUG com.daily.dao.mybatis.DailyMapper.listTotalDaily - ==> Parameters: 技术部(String), 2020-06-13(String)
2020-06-14 17:23:25.287 [http-nio-8888-exec-10] DEBUG com.daily.dao.mybatis.DailyMapper.listTotalDaily - <==      Total: 0
2020-06-14 17:23:26.028 [http-nio-8888-exec-2] DEBUG com.daily.dao.mybatis.DailyMapper.listTotalDaily - ==>  Preparing: SELECT a.id, a.name, b.user_id, b.product, b.progress, b.content, b.note FROM daily_user a LEFT JOIN daily_content b ON a.id = b.user_id AND b.delete_flag = '0' WHERE a.delete_flag = '0' AND a.is_admin = '0' AND a.department = ? AND LEFT(b.insert_dt, 10) = ? 
2020-06-14 17:23:26.029 [http-nio-8888-exec-2] DEBUG com.daily.dao.mybatis.DailyMapper.listTotalDaily - ==> Parameters: 技术部(String), 2020-06-14(String)
2020-06-14 17:23:26.030 [http-nio-8888-exec-2] DEBUG com.daily.dao.mybatis.DailyMapper.listTotalDaily - <==      Total: 7
2020-06-14 17:23:26.917 [http-nio-8888-exec-1] DEBUG com.daily.dao.mybatis.DailyMapper.listTotalDaily - ==>  Preparing: SELECT a.id, a.name, b.user_id, b.product, b.progress, b.content, b.note FROM daily_user a LEFT JOIN daily_content b ON a.id = b.user_id AND b.delete_flag = '0' WHERE a.delete_flag = '0' AND a.is_admin = '0' AND a.department = ? AND LEFT(b.insert_dt, 10) = ? 
2020-06-14 17:23:26.918 [http-nio-8888-exec-1] DEBUG com.daily.dao.mybatis.DailyMapper.listTotalDaily - ==> Parameters: 技术部(String), 2020-06-13(String)
2020-06-14 17:23:26.919 [http-nio-8888-exec-1] DEBUG com.daily.dao.mybatis.DailyMapper.listTotalDaily - <==      Total: 0
2020-06-14 17:23:27.348 [http-nio-8888-exec-4] DEBUG com.daily.dao.mybatis.DailyMapper.listTotalDaily - ==>  Preparing: SELECT a.id, a.name, b.user_id, b.product, b.progress, b.content, b.note FROM daily_user a LEFT JOIN daily_content b ON a.id = b.user_id AND b.delete_flag = '0' WHERE a.delete_flag = '0' AND a.is_admin = '0' AND a.department = ? AND LEFT(b.insert_dt, 10) = ? 
2020-06-14 17:23:27.348 [http-nio-8888-exec-4] DEBUG com.daily.dao.mybatis.DailyMapper.listTotalDaily - ==> Parameters: 技术部(String), 2020-06-12(String)
2020-06-14 17:23:27.349 [http-nio-8888-exec-4] DEBUG com.daily.dao.mybatis.DailyMapper.listTotalDaily - <==      Total: 0
2020-06-14 17:23:27.518 [http-nio-8888-exec-9] DEBUG com.daily.dao.mybatis.DailyMapper.listTotalDaily - ==>  Preparing: SELECT a.id, a.name, b.user_id, b.product, b.progress, b.content, b.note FROM daily_user a LEFT JOIN daily_content b ON a.id = b.user_id AND b.delete_flag = '0' WHERE a.delete_flag = '0' AND a.is_admin = '0' AND a.department = ? AND LEFT(b.insert_dt, 10) = ? 
2020-06-14 17:23:27.519 [http-nio-8888-exec-9] DEBUG com.daily.dao.mybatis.DailyMapper.listTotalDaily - ==> Parameters: 技术部(String), 2020-06-11(String)
2020-06-14 17:23:27.520 [http-nio-8888-exec-9] DEBUG com.daily.dao.mybatis.DailyMapper.listTotalDaily - <==      Total: 0
2020-06-14 17:23:27.692 [http-nio-8888-exec-6] DEBUG com.daily.dao.mybatis.DailyMapper.listTotalDaily - ==>  Preparing: SELECT a.id, a.name, b.user_id, b.product, b.progress, b.content, b.note FROM daily_user a LEFT JOIN daily_content b ON a.id = b.user_id AND b.delete_flag = '0' WHERE a.delete_flag = '0' AND a.is_admin = '0' AND a.department = ? AND LEFT(b.insert_dt, 10) = ? 
2020-06-14 17:23:27.692 [http-nio-8888-exec-6] DEBUG com.daily.dao.mybatis.DailyMapper.listTotalDaily - ==> Parameters: 技术部(String), 2020-06-10(String)
2020-06-14 17:23:27.693 [http-nio-8888-exec-6] DEBUG com.daily.dao.mybatis.DailyMapper.listTotalDaily - <==      Total: 0
2020-06-14 17:23:27.862 [http-nio-8888-exec-7] DEBUG com.daily.dao.mybatis.DailyMapper.listTotalDaily - ==>  Preparing: SELECT a.id, a.name, b.user_id, b.product, b.progress, b.content, b.note FROM daily_user a LEFT JOIN daily_content b ON a.id = b.user_id AND b.delete_flag = '0' WHERE a.delete_flag = '0' AND a.is_admin = '0' AND a.department = ? AND LEFT(b.insert_dt, 10) = ? 
2020-06-14 17:23:27.862 [http-nio-8888-exec-7] DEBUG com.daily.dao.mybatis.DailyMapper.listTotalDaily - ==> Parameters: 技术部(String), 2020-06-09(String)
2020-06-14 17:23:27.863 [http-nio-8888-exec-7] DEBUG com.daily.dao.mybatis.DailyMapper.listTotalDaily - <==      Total: 0
2020-06-14 17:23:28.307 [http-nio-8888-exec-8] DEBUG com.daily.dao.mybatis.DailyMapper.listTotalDaily - ==>  Preparing: SELECT a.id, a.name, b.user_id, b.product, b.progress, b.content, b.note FROM daily_user a LEFT JOIN daily_content b ON a.id = b.user_id AND b.delete_flag = '0' WHERE a.delete_flag = '0' AND a.is_admin = '0' AND a.department = ? AND LEFT(b.insert_dt, 10) = ? 
2020-06-14 17:23:28.308 [http-nio-8888-exec-8] DEBUG com.daily.dao.mybatis.DailyMapper.listTotalDaily - ==> Parameters: 技术部(String), 2020-06-10(String)
2020-06-14 17:23:28.309 [http-nio-8888-exec-8] DEBUG com.daily.dao.mybatis.DailyMapper.listTotalDaily - <==      Total: 0
2020-06-14 17:23:28.582 [http-nio-8888-exec-3] DEBUG com.daily.dao.mybatis.DailyMapper.listTotalDaily - ==>  Preparing: SELECT a.id, a.name, b.user_id, b.product, b.progress, b.content, b.note FROM daily_user a LEFT JOIN daily_content b ON a.id = b.user_id AND b.delete_flag = '0' WHERE a.delete_flag = '0' AND a.is_admin = '0' AND a.department = ? AND LEFT(b.insert_dt, 10) = ? 
2020-06-14 17:23:28.582 [http-nio-8888-exec-3] DEBUG com.daily.dao.mybatis.DailyMapper.listTotalDaily - ==> Parameters: 技术部(String), 2020-06-11(String)
2020-06-14 17:23:28.584 [http-nio-8888-exec-3] DEBUG com.daily.dao.mybatis.DailyMapper.listTotalDaily - <==      Total: 0
2020-06-14 17:23:28.750 [http-nio-8888-exec-5] DEBUG com.daily.dao.mybatis.DailyMapper.listTotalDaily - ==>  Preparing: SELECT a.id, a.name, b.user_id, b.product, b.progress, b.content, b.note FROM daily_user a LEFT JOIN daily_content b ON a.id = b.user_id AND b.delete_flag = '0' WHERE a.delete_flag = '0' AND a.is_admin = '0' AND a.department = ? AND LEFT(b.insert_dt, 10) = ? 
2020-06-14 17:23:28.750 [http-nio-8888-exec-5] DEBUG com.daily.dao.mybatis.DailyMapper.listTotalDaily - ==> Parameters: 技术部(String), 2020-06-12(String)
2020-06-14 17:23:28.751 [http-nio-8888-exec-5] DEBUG com.daily.dao.mybatis.DailyMapper.listTotalDaily - <==      Total: 0
2020-06-14 17:23:29.049 [http-nio-8888-exec-10] DEBUG com.daily.dao.mybatis.DailyMapper.listTotalDaily - ==>  Preparing: SELECT a.id, a.name, b.user_id, b.product, b.progress, b.content, b.note FROM daily_user a LEFT JOIN daily_content b ON a.id = b.user_id AND b.delete_flag = '0' WHERE a.delete_flag = '0' AND a.is_admin = '0' AND a.department = ? AND LEFT(b.insert_dt, 10) = ? 
2020-06-14 17:23:29.049 [http-nio-8888-exec-10] DEBUG com.daily.dao.mybatis.DailyMapper.listTotalDaily - ==> Parameters: 技术部(String), 2020-06-13(String)
2020-06-14 17:23:29.050 [http-nio-8888-exec-10] DEBUG com.daily.dao.mybatis.DailyMapper.listTotalDaily - <==      Total: 0
2020-06-14 17:23:29.212 [http-nio-8888-exec-2] DEBUG com.daily.dao.mybatis.DailyMapper.listTotalDaily - ==>  Preparing: SELECT a.id, a.name, b.user_id, b.product, b.progress, b.content, b.note FROM daily_user a LEFT JOIN daily_content b ON a.id = b.user_id AND b.delete_flag = '0' WHERE a.delete_flag = '0' AND a.is_admin = '0' AND a.department = ? AND LEFT(b.insert_dt, 10) = ? 
2020-06-14 17:23:29.212 [http-nio-8888-exec-2] DEBUG com.daily.dao.mybatis.DailyMapper.listTotalDaily - ==> Parameters: 技术部(String), 2020-06-14(String)
2020-06-14 17:23:29.214 [http-nio-8888-exec-2] DEBUG com.daily.dao.mybatis.DailyMapper.listTotalDaily - <==      Total: 7
2020-06-14 17:25:15.953 [http-nio-8888-exec-2] DEBUG com.daily.dao.mybatis.DailyMapper.listTotalDaily - ==>  Preparing: SELECT a.id, a.name, b.user_id, b.product, b.progress, b.content, b.note FROM daily_user a LEFT JOIN daily_content b ON a.id = b.user_id AND b.delete_flag = '0' WHERE a.delete_flag = '0' AND a.is_admin = '0' AND a.department = ? AND LEFT(b.insert_dt, 10) = ? 
2020-06-14 17:25:15.955 [http-nio-8888-exec-2] DEBUG com.daily.dao.mybatis.DailyMapper.listTotalDaily - ==> Parameters: 技术部(String), 2020-06-14(String)
2020-06-14 17:25:15.958 [http-nio-8888-exec-2] DEBUG com.daily.dao.mybatis.DailyMapper.listTotalDaily - <==      Total: 7
2020-06-14 17:25:19.289 [http-nio-8888-exec-6] DEBUG com.daily.dao.mybatis.DailyMapper.listTotalDaily - ==>  Preparing: SELECT a.id, a.name, b.user_id, b.product, b.progress, b.content, b.note FROM daily_user a LEFT JOIN daily_content b ON a.id = b.user_id AND b.delete_flag = '0' WHERE a.delete_flag = '0' AND a.is_admin = '0' AND a.department = ? AND LEFT(b.insert_dt, 10) = ? 
2020-06-14 17:25:19.291 [http-nio-8888-exec-6] DEBUG com.daily.dao.mybatis.DailyMapper.listTotalDaily - ==> Parameters: 技术部(String), 2020-06-14(String)
2020-06-14 17:25:19.293 [http-nio-8888-exec-6] DEBUG com.daily.dao.mybatis.DailyMapper.listTotalDaily - <==      Total: 7
2020-06-14 17:25:38.994 [http-nio-8888-exec-2] DEBUG com.daily.dao.mybatis.DailyMapper.listTotalDaily - ==>  Preparing: SELECT a.id, a.name, b.user_id, b.product, b.progress, b.content, b.note FROM daily_user a LEFT JOIN daily_content b ON a.id = b.user_id AND b.delete_flag = '0' WHERE a.delete_flag = '0' AND a.is_admin = '0' AND a.department = ? AND LEFT(b.insert_dt, 10) = ? 
2020-06-14 17:25:38.995 [http-nio-8888-exec-2] DEBUG com.daily.dao.mybatis.DailyMapper.listTotalDaily - ==> Parameters: 技术部(String), 2020-06-14(String)
2020-06-14 17:25:38.997 [http-nio-8888-exec-2] DEBUG com.daily.dao.mybatis.DailyMapper.listTotalDaily - <==      Total: 7
2020-06-14 17:26:12.484 [http-nio-8888-exec-6] DEBUG com.daily.dao.mybatis.DailyMapper.listTotalDaily - ==>  Preparing: SELECT a.id, a.name, b.user_id, b.product, b.progress, b.content, b.note FROM daily_user a LEFT JOIN daily_content b ON a.id = b.user_id AND b.delete_flag = '0' WHERE a.delete_flag = '0' AND a.is_admin = '0' AND a.department = ? AND LEFT(b.insert_dt, 10) = ? 
2020-06-14 17:26:12.485 [http-nio-8888-exec-6] DEBUG com.daily.dao.mybatis.DailyMapper.listTotalDaily - ==> Parameters: 技术部(String), 2020-06-14(String)
2020-06-14 17:26:12.488 [http-nio-8888-exec-6] DEBUG com.daily.dao.mybatis.DailyMapper.listTotalDaily - <==      Total: 7
2020-06-14 17:31:04.378 [http-nio-8888-exec-2] DEBUG com.daily.dao.mybatis.DailyMapper.listTotalDaily - ==>  Preparing: SELECT a.id, a.name, b.user_id, b.product, b.progress, b.content, b.note FROM daily_user a LEFT JOIN daily_content b ON a.id = b.user_id AND b.delete_flag = '0' WHERE a.delete_flag = '0' AND a.is_admin = '0' AND a.department = ? AND LEFT(b.insert_dt, 10) = ? 
2020-06-14 17:31:04.379 [http-nio-8888-exec-2] DEBUG com.daily.dao.mybatis.DailyMapper.listTotalDaily - ==> Parameters: 技术部(String), 2020-06-13(String)
2020-06-14 17:31:04.379 [http-nio-8888-exec-2] DEBUG com.daily.dao.mybatis.DailyMapper.listTotalDaily - <==      Total: 0
2020-06-14 17:31:05.906 [http-nio-8888-exec-5] DEBUG com.daily.dao.mybatis.DailyMapper.listTotalDaily - ==>  Preparing: SELECT a.id, a.name, b.user_id, b.product, b.progress, b.content, b.note FROM daily_user a LEFT JOIN daily_content b ON a.id = b.user_id AND b.delete_flag = '0' WHERE a.delete_flag = '0' AND a.is_admin = '0' AND a.department = ? AND LEFT(b.insert_dt, 10) = ? 
2020-06-14 17:31:05.906 [http-nio-8888-exec-5] DEBUG com.daily.dao.mybatis.DailyMapper.listTotalDaily - ==> Parameters: 技术部(String), 2020-06-12(String)
2020-06-14 17:31:05.907 [http-nio-8888-exec-5] DEBUG com.daily.dao.mybatis.DailyMapper.listTotalDaily - <==      Total: 0
2020-06-14 17:31:06.678 [http-nio-8888-exec-1] DEBUG com.daily.dao.mybatis.DailyMapper.listTotalDaily - ==>  Preparing: SELECT a.id, a.name, b.user_id, b.product, b.progress, b.content, b.note FROM daily_user a LEFT JOIN daily_content b ON a.id = b.user_id AND b.delete_flag = '0' WHERE a.delete_flag = '0' AND a.is_admin = '0' AND a.department = ? AND LEFT(b.insert_dt, 10) = ? 
2020-06-14 17:31:06.679 [http-nio-8888-exec-1] DEBUG com.daily.dao.mybatis.DailyMapper.listTotalDaily - ==> Parameters: 技术部(String), 2020-06-11(String)
2020-06-14 17:31:06.680 [http-nio-8888-exec-1] DEBUG com.daily.dao.mybatis.DailyMapper.listTotalDaily - <==      Total: 0
2020-06-14 17:31:07.093 [http-nio-8888-exec-6] DEBUG com.daily.dao.mybatis.DailyMapper.listTotalDaily - ==>  Preparing: SELECT a.id, a.name, b.user_id, b.product, b.progress, b.content, b.note FROM daily_user a LEFT JOIN daily_content b ON a.id = b.user_id AND b.delete_flag = '0' WHERE a.delete_flag = '0' AND a.is_admin = '0' AND a.department = ? AND LEFT(b.insert_dt, 10) = ? 
2020-06-14 17:31:07.094 [http-nio-8888-exec-6] DEBUG com.daily.dao.mybatis.DailyMapper.listTotalDaily - ==> Parameters: 技术部(String), 2020-06-10(String)
2020-06-14 17:31:07.094 [http-nio-8888-exec-6] DEBUG com.daily.dao.mybatis.DailyMapper.listTotalDaily - <==      Total: 0
2020-06-14 17:31:07.292 [http-nio-8888-exec-4] DEBUG com.daily.dao.mybatis.DailyMapper.listTotalDaily - ==>  Preparing: SELECT a.id, a.name, b.user_id, b.product, b.progress, b.content, b.note FROM daily_user a LEFT JOIN daily_content b ON a.id = b.user_id AND b.delete_flag = '0' WHERE a.delete_flag = '0' AND a.is_admin = '0' AND a.department = ? AND LEFT(b.insert_dt, 10) = ? 
2020-06-14 17:31:07.292 [http-nio-8888-exec-4] DEBUG com.daily.dao.mybatis.DailyMapper.listTotalDaily - ==> Parameters: 技术部(String), 2020-06-09(String)
2020-06-14 17:31:07.293 [http-nio-8888-exec-4] DEBUG com.daily.dao.mybatis.DailyMapper.listTotalDaily - <==      Total: 0
2020-06-14 17:31:07.480 [http-nio-8888-exec-9] DEBUG com.daily.dao.mybatis.DailyMapper.listTotalDaily - ==>  Preparing: SELECT a.id, a.name, b.user_id, b.product, b.progress, b.content, b.note FROM daily_user a LEFT JOIN daily_content b ON a.id = b.user_id AND b.delete_flag = '0' WHERE a.delete_flag = '0' AND a.is_admin = '0' AND a.department = ? AND LEFT(b.insert_dt, 10) = ? 
2020-06-14 17:31:07.481 [http-nio-8888-exec-9] DEBUG com.daily.dao.mybatis.DailyMapper.listTotalDaily - ==> Parameters: 技术部(String), 2020-06-08(String)
2020-06-14 17:31:07.481 [http-nio-8888-exec-9] DEBUG com.daily.dao.mybatis.DailyMapper.listTotalDaily - <==      Total: 0
2020-06-14 17:31:08.073 [http-nio-8888-exec-7] DEBUG com.daily.dao.mybatis.DailyMapper.listTotalDaily - ==>  Preparing: SELECT a.id, a.name, b.user_id, b.product, b.progress, b.content, b.note FROM daily_user a LEFT JOIN daily_content b ON a.id = b.user_id AND b.delete_flag = '0' WHERE a.delete_flag = '0' AND a.is_admin = '0' AND a.department = ? AND LEFT(b.insert_dt, 10) = ? 
2020-06-14 17:31:08.073 [http-nio-8888-exec-7] DEBUG com.daily.dao.mybatis.DailyMapper.listTotalDaily - ==> Parameters: 技术部(String), 2020-06-09(String)
2020-06-14 17:31:08.074 [http-nio-8888-exec-7] DEBUG com.daily.dao.mybatis.DailyMapper.listTotalDaily - <==      Total: 0
2020-06-14 17:31:08.421 [http-nio-8888-exec-8] DEBUG com.daily.dao.mybatis.DailyMapper.listTotalDaily - ==>  Preparing: SELECT a.id, a.name, b.user_id, b.product, b.progress, b.content, b.note FROM daily_user a LEFT JOIN daily_content b ON a.id = b.user_id AND b.delete_flag = '0' WHERE a.delete_flag = '0' AND a.is_admin = '0' AND a.department = ? AND LEFT(b.insert_dt, 10) = ? 
2020-06-14 17:31:08.422 [http-nio-8888-exec-8] DEBUG com.daily.dao.mybatis.DailyMapper.listTotalDaily - ==> Parameters: 技术部(String), 2020-06-10(String)
2020-06-14 17:31:08.423 [http-nio-8888-exec-8] DEBUG com.daily.dao.mybatis.DailyMapper.listTotalDaily - <==      Total: 0
2020-06-14 17:31:08.614 [http-nio-8888-exec-3] DEBUG com.daily.dao.mybatis.DailyMapper.listTotalDaily - ==>  Preparing: SELECT a.id, a.name, b.user_id, b.product, b.progress, b.content, b.note FROM daily_user a LEFT JOIN daily_content b ON a.id = b.user_id AND b.delete_flag = '0' WHERE a.delete_flag = '0' AND a.is_admin = '0' AND a.department = ? AND LEFT(b.insert_dt, 10) = ? 
2020-06-14 17:31:08.614 [http-nio-8888-exec-3] DEBUG com.daily.dao.mybatis.DailyMapper.listTotalDaily - ==> Parameters: 技术部(String), 2020-06-11(String)
2020-06-14 17:31:08.615 [http-nio-8888-exec-3] DEBUG com.daily.dao.mybatis.DailyMapper.listTotalDaily - <==      Total: 0
2020-06-14 17:31:09.024 [http-nio-8888-exec-10] DEBUG com.daily.dao.mybatis.DailyMapper.listTotalDaily - ==>  Preparing: SELECT a.id, a.name, b.user_id, b.product, b.progress, b.content, b.note FROM daily_user a LEFT JOIN daily_content b ON a.id = b.user_id AND b.delete_flag = '0' WHERE a.delete_flag = '0' AND a.is_admin = '0' AND a.department = ? AND LEFT(b.insert_dt, 10) = ? 
2020-06-14 17:31:09.024 [http-nio-8888-exec-10] DEBUG com.daily.dao.mybatis.DailyMapper.listTotalDaily - ==> Parameters: 技术部(String), 2020-06-12(String)
2020-06-14 17:31:09.025 [http-nio-8888-exec-10] DEBUG com.daily.dao.mybatis.DailyMapper.listTotalDaily - <==      Total: 0
2020-06-14 17:31:09.226 [http-nio-8888-exec-2] DEBUG com.daily.dao.mybatis.DailyMapper.listTotalDaily - ==>  Preparing: SELECT a.id, a.name, b.user_id, b.product, b.progress, b.content, b.note FROM daily_user a LEFT JOIN daily_content b ON a.id = b.user_id AND b.delete_flag = '0' WHERE a.delete_flag = '0' AND a.is_admin = '0' AND a.department = ? AND LEFT(b.insert_dt, 10) = ? 
2020-06-14 17:31:09.226 [http-nio-8888-exec-2] DEBUG com.daily.dao.mybatis.DailyMapper.listTotalDaily - ==> Parameters: 技术部(String), 2020-06-13(String)
2020-06-14 17:31:09.227 [http-nio-8888-exec-2] DEBUG com.daily.dao.mybatis.DailyMapper.listTotalDaily - <==      Total: 0
2020-06-14 17:31:09.428 [http-nio-8888-exec-5] DEBUG com.daily.dao.mybatis.DailyMapper.listTotalDaily - ==>  Preparing: SELECT a.id, a.name, b.user_id, b.product, b.progress, b.content, b.note FROM daily_user a LEFT JOIN daily_content b ON a.id = b.user_id AND b.delete_flag = '0' WHERE a.delete_flag = '0' AND a.is_admin = '0' AND a.department = ? AND LEFT(b.insert_dt, 10) = ? 
2020-06-14 17:31:09.429 [http-nio-8888-exec-5] DEBUG com.daily.dao.mybatis.DailyMapper.listTotalDaily - ==> Parameters: 技术部(String), 2020-06-14(String)
2020-06-14 17:31:09.431 [http-nio-8888-exec-5] DEBUG com.daily.dao.mybatis.DailyMapper.listTotalDaily - <==      Total: 7
2020-06-14 17:31:10.651 [http-nio-8888-exec-1] DEBUG com.daily.dao.mybatis.DailyMapper.listTotalDaily - ==>  Preparing: SELECT a.id, a.name, b.user_id, b.product, b.progress, b.content, b.note FROM daily_user a LEFT JOIN daily_content b ON a.id = b.user_id AND b.delete_flag = '0' WHERE a.delete_flag = '0' AND a.is_admin = '0' AND a.department = ? AND LEFT(b.insert_dt, 10) = ? 
2020-06-14 17:31:10.652 [http-nio-8888-exec-1] DEBUG com.daily.dao.mybatis.DailyMapper.listTotalDaily - ==> Parameters: 技术部(String), 2020-06-13(String)
2020-06-14 17:31:10.653 [http-nio-8888-exec-1] DEBUG com.daily.dao.mybatis.DailyMapper.listTotalDaily - <==      Total: 0
2020-06-14 18:08:59.979 [http-nio-8888-exec-4] DEBUG com.daily.dao.mybatis.DailyMapper.listTotalDaily - ==>  Preparing: SELECT a.id, a.name, b.user_id, b.product, b.progress, b.content, b.note FROM daily_user a LEFT JOIN daily_content b ON a.id = b.user_id AND b.delete_flag = '0' WHERE a.delete_flag = '0' AND a.is_admin = '0' AND a.department = ? AND LEFT(b.insert_dt, 10) = ? 
2020-06-14 18:08:59.980 [http-nio-8888-exec-4] DEBUG com.daily.dao.mybatis.DailyMapper.listTotalDaily - ==> Parameters: 技术部(String), 2020-06-14(String)
2020-06-14 18:08:59.983 [http-nio-8888-exec-4] DEBUG com.daily.dao.mybatis.DailyMapper.listTotalDaily - <==      Total: 7
2020-06-14 18:09:01.941 [http-nio-8888-exec-9] DEBUG com.daily.dao.mybatis.DailyMapper.listTotalDaily - ==>  Preparing: SELECT a.id, a.name, b.user_id, b.product, b.progress, b.content, b.note FROM daily_user a LEFT JOIN daily_content b ON a.id = b.user_id AND b.delete_flag = '0' WHERE a.delete_flag = '0' AND a.is_admin = '0' AND a.department = ? AND LEFT(b.insert_dt, 10) = ? 
2020-06-14 18:09:01.942 [http-nio-8888-exec-9] DEBUG com.daily.dao.mybatis.DailyMapper.listTotalDaily - ==> Parameters: 技术部(String), 2020-06-13(String)
2020-06-14 18:09:01.943 [http-nio-8888-exec-9] DEBUG com.daily.dao.mybatis.DailyMapper.listTotalDaily - <==      Total: 0
2020-06-14 18:09:02.394 [http-nio-8888-exec-7] DEBUG com.daily.dao.mybatis.DailyMapper.listTotalDaily - ==>  Preparing: SELECT a.id, a.name, b.user_id, b.product, b.progress, b.content, b.note FROM daily_user a LEFT JOIN daily_content b ON a.id = b.user_id AND b.delete_flag = '0' WHERE a.delete_flag = '0' AND a.is_admin = '0' AND a.department = ? AND LEFT(b.insert_dt, 10) = ? 
2020-06-14 18:09:02.394 [http-nio-8888-exec-7] DEBUG com.daily.dao.mybatis.DailyMapper.listTotalDaily - ==> Parameters: 技术部(String), 2020-06-12(String)
2020-06-14 18:09:02.395 [http-nio-8888-exec-7] DEBUG com.daily.dao.mybatis.DailyMapper.listTotalDaily - <==      Total: 0
2020-06-14 18:09:03.193 [http-nio-8888-exec-8] DEBUG com.daily.dao.mybatis.DailyMapper.listTotalDaily - ==>  Preparing: SELECT a.id, a.name, b.user_id, b.product, b.progress, b.content, b.note FROM daily_user a LEFT JOIN daily_content b ON a.id = b.user_id AND b.delete_flag = '0' WHERE a.delete_flag = '0' AND a.is_admin = '0' AND a.department = ? AND LEFT(b.insert_dt, 10) = ? 
2020-06-14 18:09:03.193 [http-nio-8888-exec-8] DEBUG com.daily.dao.mybatis.DailyMapper.listTotalDaily - ==> Parameters: 技术部(String), 2020-06-13(String)
2020-06-14 18:09:03.194 [http-nio-8888-exec-8] DEBUG com.daily.dao.mybatis.DailyMapper.listTotalDaily - <==      Total: 0
2020-06-14 18:09:03.409 [http-nio-8888-exec-3] DEBUG com.daily.dao.mybatis.DailyMapper.listTotalDaily - ==>  Preparing: SELECT a.id, a.name, b.user_id, b.product, b.progress, b.content, b.note FROM daily_user a LEFT JOIN daily_content b ON a.id = b.user_id AND b.delete_flag = '0' WHERE a.delete_flag = '0' AND a.is_admin = '0' AND a.department = ? AND LEFT(b.insert_dt, 10) = ? 
2020-06-14 18:09:03.409 [http-nio-8888-exec-3] DEBUG com.daily.dao.mybatis.DailyMapper.listTotalDaily - ==> Parameters: 技术部(String), 2020-06-14(String)
2020-06-14 18:09:03.411 [http-nio-8888-exec-3] DEBUG com.daily.dao.mybatis.DailyMapper.listTotalDaily - <==      Total: 7
2020-06-14 18:10:00.467 [http-nio-8888-exec-1] DEBUG com.daily.dao.mybatis.DailyMapper.listTotalDaily - ==>  Preparing: SELECT a.id, a.name, b.user_id, b.product, b.progress, b.content, b.note FROM daily_user a LEFT JOIN daily_content b ON a.id = b.user_id AND b.delete_flag = '0' WHERE a.delete_flag = '0' AND a.is_admin = '0' AND a.department = ? AND LEFT(b.insert_dt, 10) = ? 
2020-06-14 18:10:00.468 [http-nio-8888-exec-1] DEBUG com.daily.dao.mybatis.DailyMapper.listTotalDaily - ==> Parameters: 技术部(String), 2020-06-14(String)
2020-06-14 18:10:00.471 [http-nio-8888-exec-1] DEBUG com.daily.dao.mybatis.DailyMapper.listTotalDaily - <==      Total: 6
2020-06-14 18:10:16.853 [http-nio-8888-exec-7] DEBUG com.daily.dao.mybatis.DailyMapper.listTotalDaily - ==>  Preparing: SELECT a.id, a.name, b.user_id, b.product, b.progress, b.content, b.note FROM daily_user a LEFT JOIN daily_content b ON a.id = b.user_id AND b.delete_flag = '0' WHERE a.delete_flag = '0' AND a.is_admin = '0' AND a.department = ? AND LEFT(b.insert_dt, 10) = ? 
2020-06-14 18:10:16.854 [http-nio-8888-exec-7] DEBUG com.daily.dao.mybatis.DailyMapper.listTotalDaily - ==> Parameters: 技术部(String), 2020-06-14(String)
2020-06-14 18:10:16.856 [http-nio-8888-exec-7] DEBUG com.daily.dao.mybatis.DailyMapper.listTotalDaily - <==      Total: 5
2020-06-14 18:10:20.381 [http-nio-8888-exec-8] DEBUG com.daily.dao.mybatis.DailyMapper.listTotalDaily - ==>  Preparing: SELECT a.id, a.name, b.user_id, b.product, b.progress, b.content, b.note FROM daily_user a LEFT JOIN daily_content b ON a.id = b.user_id AND b.delete_flag = '0' WHERE a.delete_flag = '0' AND a.is_admin = '0' AND a.department = ? AND LEFT(b.insert_dt, 10) = ? 
2020-06-14 18:10:20.382 [http-nio-8888-exec-8] DEBUG com.daily.dao.mybatis.DailyMapper.listTotalDaily - ==> Parameters: 技术部(String), 2020-06-13(String)
2020-06-14 18:10:20.383 [http-nio-8888-exec-8] DEBUG com.daily.dao.mybatis.DailyMapper.listTotalDaily - <==      Total: 2
2020-06-14 18:10:26.114 [http-nio-8888-exec-3] DEBUG com.daily.dao.mybatis.DailyMapper.listTotalDaily - ==>  Preparing: SELECT a.id, a.name, b.user_id, b.product, b.progress, b.content, b.note FROM daily_user a LEFT JOIN daily_content b ON a.id = b.user_id AND b.delete_flag = '0' WHERE a.delete_flag = '0' AND a.is_admin = '0' AND a.department = ? AND LEFT(b.insert_dt, 10) = ? 
2020-06-14 18:10:26.115 [http-nio-8888-exec-3] DEBUG com.daily.dao.mybatis.DailyMapper.listTotalDaily - ==> Parameters: 技术部(String), 2020-06-12(String)
2020-06-14 18:10:26.115 [http-nio-8888-exec-3] DEBUG com.daily.dao.mybatis.DailyMapper.listTotalDaily - <==      Total: 0
2020-06-14 18:10:26.995 [http-nio-8888-exec-10] DEBUG com.daily.dao.mybatis.DailyMapper.listTotalDaily - ==>  Preparing: SELECT a.id, a.name, b.user_id, b.product, b.progress, b.content, b.note FROM daily_user a LEFT JOIN daily_content b ON a.id = b.user_id AND b.delete_flag = '0' WHERE a.delete_flag = '0' AND a.is_admin = '0' AND a.department = ? AND LEFT(b.insert_dt, 10) = ? 
2020-06-14 18:10:26.996 [http-nio-8888-exec-10] DEBUG com.daily.dao.mybatis.DailyMapper.listTotalDaily - ==> Parameters: 技术部(String), 2020-06-13(String)
2020-06-14 18:10:26.997 [http-nio-8888-exec-10] DEBUG com.daily.dao.mybatis.DailyMapper.listTotalDaily - <==      Total: 2
2020-06-14 18:10:27.565 [http-nio-8888-exec-1] DEBUG com.daily.dao.mybatis.DailyMapper.listTotalDaily - ==>  Preparing: SELECT a.id, a.name, b.user_id, b.product, b.progress, b.content, b.note FROM daily_user a LEFT JOIN daily_content b ON a.id = b.user_id AND b.delete_flag = '0' WHERE a.delete_flag = '0' AND a.is_admin = '0' AND a.department = ? AND LEFT(b.insert_dt, 10) = ? 
2020-06-14 18:10:27.566 [http-nio-8888-exec-1] DEBUG com.daily.dao.mybatis.DailyMapper.listTotalDaily - ==> Parameters: 技术部(String), 2020-06-14(String)
2020-06-14 18:10:27.567 [http-nio-8888-exec-1] DEBUG com.daily.dao.mybatis.DailyMapper.listTotalDaily - <==      Total: 5
2020-06-14 18:11:06.398 [http-nio-8888-exec-6] DEBUG com.daily.dao.mybatis.DailyMapper.searchDaily - ==>  Preparing: SELECT id, user_id, product, content, progress, note, insert_dt FROM daily_content WHERE delete_flag = '0' AND user_id = ? ORDER BY insert_dt DESC 
2020-06-14 18:11:06.400 [http-nio-8888-exec-6] DEBUG com.daily.dao.mybatis.DailyMapper.searchDaily - ==> Parameters: 3(Integer)
2020-06-14 18:11:06.402 [http-nio-8888-exec-6] DEBUG com.daily.dao.mybatis.DailyMapper.searchDaily - <==      Total: 2
2020-06-14 18:11:06.403 [http-nio-8888-exec-6] DEBUG com.daily.dao.mybatis.DailyMapper.countDaily - ==>  Preparing: SELECT count(distinct left(insert_dt, 10)) FROM daily_content WHERE delete_flag = '0' AND user_id = ? 
2020-06-14 18:11:06.404 [http-nio-8888-exec-6] DEBUG com.daily.dao.mybatis.DailyMapper.countDaily - ==> Parameters: 3(Integer)
2020-06-14 18:11:06.405 [http-nio-8888-exec-6] DEBUG com.daily.dao.mybatis.DailyMapper.countDaily - <==      Total: 1
2020-06-14 18:11:23.541 [http-nio-8888-exec-7] DEBUG com.daily.dao.mybatis.DailyMapper.searchDaily - ==>  Preparing: SELECT id, user_id, product, content, progress, note, insert_dt FROM daily_content WHERE delete_flag = '0' AND user_id = ? ORDER BY insert_dt DESC 
2020-06-14 18:11:23.542 [http-nio-8888-exec-7] DEBUG com.daily.dao.mybatis.DailyMapper.searchDaily - ==> Parameters: 3(Integer)
2020-06-14 18:11:23.544 [http-nio-8888-exec-7] DEBUG com.daily.dao.mybatis.DailyMapper.searchDaily - <==      Total: 2
2020-06-14 18:11:23.545 [http-nio-8888-exec-7] DEBUG com.daily.dao.mybatis.DailyMapper.countDaily - ==>  Preparing: SELECT count(distinct left(insert_dt, 10)) FROM daily_content WHERE delete_flag = '0' AND user_id = ? 
2020-06-14 18:11:23.545 [http-nio-8888-exec-7] DEBUG com.daily.dao.mybatis.DailyMapper.countDaily - ==> Parameters: 3(Integer)
2020-06-14 18:11:23.547 [http-nio-8888-exec-7] DEBUG com.daily.dao.mybatis.DailyMapper.countDaily - <==      Total: 1
2020-06-14 18:11:34.308 [http-nio-8888-exec-1] DEBUG com.daily.dao.mybatis.DailyMapper.listTotalDaily - ==>  Preparing: SELECT a.id, a.name, b.user_id, b.product, b.progress, b.content, b.note FROM daily_user a LEFT JOIN daily_content b ON a.id = b.user_id AND b.delete_flag = '0' WHERE a.delete_flag = '0' AND a.is_admin = '0' AND a.department = ? AND LEFT(b.insert_dt, 10) = ? 
2020-06-14 18:11:34.309 [http-nio-8888-exec-1] DEBUG com.daily.dao.mybatis.DailyMapper.listTotalDaily - ==> Parameters: 技术部(String), 2020-06-14(String)
2020-06-14 18:11:34.314 [http-nio-8888-exec-1] DEBUG com.daily.dao.mybatis.DailyMapper.listTotalDaily - <==      Total: 5
2020-06-14 18:11:43.054 [http-nio-8888-exec-9] DEBUG com.daily.dao.mybatis.DailyMapper.listTotalDaily - ==>  Preparing: SELECT a.id, a.name, b.user_id, b.product, b.progress, b.content, b.note FROM daily_user a LEFT JOIN daily_content b ON a.id = b.user_id AND b.delete_flag = '0' WHERE a.delete_flag = '0' AND a.is_admin = '0' AND a.department = ? AND LEFT(b.insert_dt, 10) = ? 
2020-06-14 18:11:43.055 [http-nio-8888-exec-9] DEBUG com.daily.dao.mybatis.DailyMapper.listTotalDaily - ==> Parameters: 技术部(String), 2020-06-14(String)
2020-06-14 18:11:43.057 [http-nio-8888-exec-9] DEBUG com.daily.dao.mybatis.DailyMapper.listTotalDaily - <==      Total: 5
2020-06-14 18:20:45.866 [http-nio-8888-exec-4] DEBUG com.daily.dao.mybatis.DailyMapper.listTotalDaily - ==>  Preparing: SELECT a.id, a.name, b.user_id, b.product, b.progress, b.content, b.note FROM daily_user a LEFT JOIN daily_content b ON a.id = b.user_id AND b.delete_flag = '0' WHERE a.delete_flag = '0' AND a.is_admin = '0' AND a.department = ? AND LEFT(b.insert_dt, 10) = ? 
2020-06-14 18:20:45.866 [http-nio-8888-exec-4] DEBUG com.daily.dao.mybatis.DailyMapper.listTotalDaily - ==> Parameters: 技术部(String), 2020-06-14(String)
2020-06-14 18:20:45.870 [http-nio-8888-exec-4] DEBUG com.daily.dao.mybatis.DailyMapper.listTotalDaily - <==      Total: 5
2020-06-14 18:20:56.028 [http-nio-8888-exec-9] DEBUG com.daily.dao.mybatis.DailyMapper.listTotalDaily - ==>  Preparing: SELECT a.id, a.name, b.user_id, b.product, b.progress, b.content, b.note FROM daily_user a LEFT JOIN daily_content b ON a.id = b.user_id AND b.delete_flag = '0' WHERE a.delete_flag = '0' AND a.is_admin = '0' AND a.department = ? AND LEFT(b.insert_dt, 10) = ? 
2020-06-14 18:20:56.028 [http-nio-8888-exec-9] DEBUG com.daily.dao.mybatis.DailyMapper.listTotalDaily - ==> Parameters: 技术部(String), 2020-06-13(String)
2020-06-14 18:20:56.029 [http-nio-8888-exec-9] DEBUG com.daily.dao.mybatis.DailyMapper.listTotalDaily - <==      Total: 2
